{"D:\\Practice\\rs_school\\stage 3\\gamesgalaxy\\src\\components\\ErrorBoundary\\ErrorBoundary.tsx": {"path":"D:\\Practice\\rs_school\\stage 3\\gamesgalaxy\\src\\components\\ErrorBoundary\\ErrorBoundary.tsx","all":false,"statementMap":{"0":{"start":{"line":1,"column":0},"end":{"line":1,"column":44}},"1":{"start":{"line":2,"column":0},"end":{"line":2,"column":48}},"11":{"start":{"line":12,"column":0},"end":{"line":12,"column":53}},"12":{"start":{"line":13,"column":0},"end":{"line":13,"column":29}},"13":{"start":{"line":14,"column":0},"end":{"line":14,"column":16}},"14":{"start":{"line":15,"column":0},"end":{"line":15,"column":36}},"15":{"start":{"line":16,"column":0},"end":{"line":16,"column":3}},"17":{"start":{"line":18,"column":0},"end":{"line":18,"column":49}},"18":{"start":{"line":19,"column":0},"end":{"line":19,"column":58}},"19":{"start":{"line":20,"column":0},"end":{"line":20,"column":29}},"20":{"start":{"line":21,"column":0},"end":{"line":21,"column":3}},"22":{"start":{"line":23,"column":0},"end":{"line":23,"column":22}},"23":{"start":{"line":24,"column":0},"end":{"line":24,"column":28}},"24":{"start":{"line":25,"column":0},"end":{"line":25,"column":3}},"26":{"start":{"line":27,"column":0},"end":{"line":27,"column":12}},"27":{"start":{"line":28,"column":0},"end":{"line":28,"column":30}},"28":{"start":{"line":29,"column":0},"end":{"line":29,"column":14}},"29":{"start":{"line":30,"column":0},"end":{"line":30,"column":49}},"30":{"start":{"line":31,"column":0},"end":{"line":31,"column":74}},"31":{"start":{"line":32,"column":0},"end":{"line":32,"column":73}},"32":{"start":{"line":33,"column":0},"end":{"line":33,"column":79}},"37":{"start":{"line":38,"column":0},"end":{"line":38,"column":5}},"39":{"start":{"line":40,"column":0},"end":{"line":40,"column":30}},"40":{"start":{"line":41,"column":0},"end":{"line":41,"column":3}},"41":{"start":{"line":42,"column":0},"end":{"line":42,"column":1}},"43":{"start":{"line":44,"column":0},"end":{"line":44,"column":28}}},"s":{"0":1,"1":1,"11":1,"12":1,"13":4,"14":4,"15":4,"17":1,"18":2,"19":2,"20":2,"22":1,"23":1,"24":1,"26":1,"27":5,"28":2,"29":2,"30":2,"31":2,"32":2,"37":2,"39":3,"40":3,"41":1,"43":1},"branchMap":{"0":{"type":"branch","line":18,"loc":{"start":{"line":18,"column":9},"end":{"line":21,"column":3}},"locations":[{"start":{"line":18,"column":9},"end":{"line":21,"column":3}}]},"1":{"type":"branch","line":27,"loc":{"start":{"line":27,"column":2},"end":{"line":41,"column":3}},"locations":[{"start":{"line":27,"column":2},"end":{"line":41,"column":3}}]},"2":{"type":"branch","line":28,"loc":{"start":{"line":28,"column":29},"end":{"line":38,"column":5}},"locations":[{"start":{"line":28,"column":29},"end":{"line":38,"column":5}}]},"3":{"type":"branch","line":38,"loc":{"start":{"line":38,"column":4},"end":{"line":41,"column":3}},"locations":[{"start":{"line":38,"column":4},"end":{"line":41,"column":3}}]},"4":{"type":"branch","line":13,"loc":{"start":{"line":13,"column":2},"end":{"line":16,"column":3}},"locations":[{"start":{"line":13,"column":2},"end":{"line":16,"column":3}}]},"5":{"type":"branch","line":23,"loc":{"start":{"line":23,"column":15},"end":{"line":25,"column":3}},"locations":[{"start":{"line":23,"column":15},"end":{"line":25,"column":3}}]}},"b":{"0":[2],"1":[5],"2":[2],"3":[3],"4":[4],"5":[1]},"fnMap":{"0":{"name":"getDerivedStateFromError","decl":{"start":{"line":18,"column":9},"end":{"line":21,"column":3}},"loc":{"start":{"line":18,"column":9},"end":{"line":21,"column":3}},"line":18},"1":{"name":"render","decl":{"start":{"line":27,"column":2},"end":{"line":41,"column":3}},"loc":{"start":{"line":27,"column":2},"end":{"line":41,"column":3}},"line":27},"2":{"name":"ErrorBoundary","decl":{"start":{"line":13,"column":2},"end":{"line":16,"column":3}},"loc":{"start":{"line":13,"column":2},"end":{"line":16,"column":3}},"line":13}},"f":{"0":2,"1":5,"2":4}}
,"D:\\Practice\\rs_school\\stage 3\\gamesgalaxy\\src\\components\\GameCard\\GameCard.tsx": {"path":"D:\\Practice\\rs_school\\stage 3\\gamesgalaxy\\src\\components\\GameCard\\GameCard.tsx","all":false,"statementMap":{"0":{"start":{"line":1,"column":0},"end":{"line":1,"column":21}},"2":{"start":{"line":3,"column":0},"end":{"line":3,"column":43}},"3":{"start":{"line":4,"column":0},"end":{"line":4,"column":47}},"5":{"start":{"line":6,"column":0},"end":{"line":6,"column":73}},"6":{"start":{"line":7,"column":0},"end":{"line":7,"column":62}},"7":{"start":{"line":8,"column":0},"end":{"line":8,"column":26}},"8":{"start":{"line":9,"column":0},"end":{"line":9,"column":21}},"9":{"start":{"line":10,"column":0},"end":{"line":10,"column":24}},"10":{"start":{"line":11,"column":0},"end":{"line":11,"column":28}},"11":{"start":{"line":12,"column":0},"end":{"line":12,"column":26}},"12":{"start":{"line":13,"column":0},"end":{"line":13,"column":12}},"13":{"start":{"line":14,"column":0},"end":{"line":14,"column":23}},"14":{"start":{"line":15,"column":0},"end":{"line":15,"column":5}},"15":{"start":{"line":16,"column":0},"end":{"line":16,"column":3}},"17":{"start":{"line":18,"column":0},"end":{"line":18,"column":10}},"18":{"start":{"line":19,"column":0},"end":{"line":19,"column":33}},"19":{"start":{"line":20,"column":0},"end":{"line":20,"column":34}},"20":{"start":{"line":21,"column":0},"end":{"line":21,"column":29}},"21":{"start":{"line":22,"column":0},"end":{"line":22,"column":57}},"23":{"start":{"line":24,"column":0},"end":{"line":24,"column":46}},"26":{"start":{"line":27,"column":0},"end":{"line":27,"column":46}},"27":{"start":{"line":28,"column":0},"end":{"line":28,"column":48}},"28":{"start":{"line":29,"column":0},"end":{"line":29,"column":55}},"29":{"start":{"line":30,"column":0},"end":{"line":30,"column":33}},"31":{"start":{"line":32,"column":0},"end":{"line":32,"column":55}},"35":{"start":{"line":36,"column":0},"end":{"line":36,"column":1}},"37":{"start":{"line":38,"column":0},"end":{"line":38,"column":23}}},"s":{"0":1,"2":1,"3":1,"5":1,"6":4,"7":4,"8":4,"9":2,"10":2,"11":0,"12":2,"13":2,"14":2,"15":4,"17":4,"18":4,"19":4,"20":4,"21":2,"23":4,"26":4,"27":4,"28":4,"29":4,"31":4,"35":4,"37":1},"branchMap":{"0":{"type":"branch","line":6,"loc":{"start":{"line":6,"column":17},"end":{"line":36,"column":1}},"locations":[{"start":{"line":6,"column":17},"end":{"line":36,"column":1}}]},"1":{"type":"branch","line":21,"loc":{"start":{"line":21,"column":9},"end":{"line":24,"column":11}},"locations":[{"start":{"line":21,"column":9},"end":{"line":24,"column":11}}]},"2":{"type":"branch","line":7,"loc":{"start":{"line":7,"column":31},"end":{"line":7,"column":50}},"locations":[{"start":{"line":7,"column":31},"end":{"line":7,"column":50}}]},"3":{"type":"branch","line":8,"loc":{"start":{"line":8,"column":19},"end":{"line":16,"column":3}},"locations":[{"start":{"line":8,"column":19},"end":{"line":16,"column":3}}]},"4":{"type":"branch","line":9,"loc":{"start":{"line":9,"column":20},"end":{"line":15,"column":5}},"locations":[{"start":{"line":9,"column":20},"end":{"line":15,"column":5}}]},"5":{"type":"branch","line":11,"loc":{"start":{"line":11,"column":27},"end":{"line":13,"column":11}},"locations":[{"start":{"line":11,"column":27},"end":{"line":13,"column":11}}]}},"b":{"0":[4],"1":[2],"2":[4],"3":[4],"4":[2],"5":[0]},"fnMap":{"0":{"name":"GameCard","decl":{"start":{"line":6,"column":17},"end":{"line":36,"column":1}},"loc":{"start":{"line":6,"column":17},"end":{"line":36,"column":1}},"line":6},"1":{"name":"bgRating","decl":{"start":{"line":8,"column":19},"end":{"line":16,"column":3}},"loc":{"start":{"line":8,"column":19},"end":{"line":16,"column":3}},"line":8}},"f":{"0":4,"1":4}}
,"D:\\Practice\\rs_school\\stage 3\\gamesgalaxy\\src\\components\\GameDetails\\GameDetails.tsx": {"path":"D:\\Practice\\rs_school\\stage 3\\gamesgalaxy\\src\\components\\GameDetails\\GameDetails.tsx","all":false,"statementMap":{"0":{"start":{"line":1,"column":0},"end":{"line":1,"column":57}},"1":{"start":{"line":2,"column":0},"end":{"line":2,"column":46}},"2":{"start":{"line":3,"column":0},"end":{"line":3,"column":51}},"4":{"start":{"line":5,"column":0},"end":{"line":5,"column":56}},"5":{"start":{"line":6,"column":0},"end":{"line":6,"column":47}},"7":{"start":{"line":8,"column":0},"end":{"line":8,"column":27}},"8":{"start":{"line":9,"column":0},"end":{"line":9,"column":60}},"9":{"start":{"line":10,"column":0},"end":{"line":10,"column":30}},"10":{"start":{"line":11,"column":0},"end":{"line":11,"column":32}},"11":{"start":{"line":12,"column":0},"end":{"line":12,"column":43}},"12":{"start":{"line":13,"column":0},"end":{"line":13,"column":48}},"14":{"start":{"line":15,"column":0},"end":{"line":15,"column":75}},"15":{"start":{"line":16,"column":0},"end":{"line":16,"column":23}},"16":{"start":{"line":17,"column":0},"end":{"line":17,"column":71}},"17":{"start":{"line":18,"column":0},"end":{"line":18,"column":22}},"18":{"start":{"line":19,"column":0},"end":{"line":19,"column":77}},"20":{"start":{"line":21,"column":0},"end":{"line":21,"column":19}},"21":{"start":{"line":22,"column":0},"end":{"line":22,"column":33}},"22":{"start":{"line":23,"column":0},"end":{"line":23,"column":11}},"23":{"start":{"line":24,"column":0},"end":{"line":24,"column":26}},"24":{"start":{"line":25,"column":0},"end":{"line":25,"column":80}},"25":{"start":{"line":26,"column":0},"end":{"line":26,"column":48}},"26":{"start":{"line":27,"column":0},"end":{"line":27,"column":25}},"27":{"start":{"line":28,"column":0},"end":{"line":28,"column":21}},"28":{"start":{"line":29,"column":0},"end":{"line":29,"column":24}},"29":{"start":{"line":30,"column":0},"end":{"line":30,"column":17}},"30":{"start":{"line":31,"column":0},"end":{"line":31,"column":27}},"31":{"start":{"line":32,"column":0},"end":{"line":32,"column":7}},"32":{"start":{"line":33,"column":0},"end":{"line":33,"column":5}},"34":{"start":{"line":35,"column":0},"end":{"line":35,"column":13}},"35":{"start":{"line":36,"column":0},"end":{"line":36,"column":12}},"37":{"start":{"line":38,"column":0},"end":{"line":38,"column":19}},"38":{"start":{"line":39,"column":0},"end":{"line":39,"column":55}},"39":{"start":{"line":40,"column":0},"end":{"line":40,"column":10}},"40":{"start":{"line":41,"column":0},"end":{"line":41,"column":28}},"41":{"start":{"line":42,"column":0},"end":{"line":42,"column":57}},"42":{"start":{"line":43,"column":0},"end":{"line":43,"column":9}},"43":{"start":{"line":44,"column":0},"end":{"line":44,"column":20}},"44":{"start":{"line":45,"column":0},"end":{"line":45,"column":7}},"45":{"start":{"line":46,"column":0},"end":{"line":46,"column":5}},"47":{"start":{"line":48,"column":0},"end":{"line":48,"column":62}},"48":{"start":{"line":49,"column":0},"end":{"line":49,"column":18}},"49":{"start":{"line":50,"column":0},"end":{"line":50,"column":67}},"50":{"start":{"line":51,"column":0},"end":{"line":51,"column":5}},"51":{"start":{"line":52,"column":0},"end":{"line":52,"column":16}},"53":{"start":{"line":54,"column":0},"end":{"line":54,"column":18}},"54":{"start":{"line":55,"column":0},"end":{"line":55,"column":32}},"55":{"start":{"line":56,"column":0},"end":{"line":56,"column":3}},"57":{"start":{"line":58,"column":0},"end":{"line":58,"column":10}},"58":{"start":{"line":59,"column":0},"end":{"line":59,"column":63}},"59":{"start":{"line":60,"column":0},"end":{"line":60,"column":37}},"60":{"start":{"line":61,"column":0},"end":{"line":61,"column":57}},"61":{"start":{"line":62,"column":0},"end":{"line":62,"column":70}},"62":{"start":{"line":63,"column":0},"end":{"line":63,"column":62}},"65":{"start":{"line":66,"column":0},"end":{"line":66,"column":46}},"66":{"start":{"line":67,"column":0},"end":{"line":67,"column":53}},"67":{"start":{"line":68,"column":0},"end":{"line":68,"column":37}},"68":{"start":{"line":69,"column":0},"end":{"line":69,"column":65}},"70":{"start":{"line":71,"column":0},"end":{"line":71,"column":48}},"73":{"start":{"line":74,"column":0},"end":{"line":74,"column":48}},"74":{"start":{"line":75,"column":0},"end":{"line":75,"column":39}},"75":{"start":{"line":76,"column":0},"end":{"line":76,"column":51}},"77":{"start":{"line":78,"column":0},"end":{"line":78,"column":39}},"78":{"start":{"line":79,"column":0},"end":{"line":79,"column":52}},"80":{"start":{"line":81,"column":0},"end":{"line":81,"column":39}},"81":{"start":{"line":82,"column":0},"end":{"line":82,"column":44}},"83":{"start":{"line":84,"column":0},"end":{"line":84,"column":39}},"84":{"start":{"line":85,"column":0},"end":{"line":85,"column":50}},"90":{"start":{"line":91,"column":0},"end":{"line":91,"column":1}},"92":{"start":{"line":93,"column":0},"end":{"line":93,"column":26}}},"s":{"0":1,"1":1,"2":1,"4":1,"5":1,"7":1,"8":9,"9":9,"10":9,"11":9,"12":9,"14":9,"15":9,"16":9,"17":9,"18":9,"20":9,"21":3,"22":3,"23":3,"24":3,"25":3,"26":3,"27":3,"28":0,"29":3,"30":3,"31":3,"32":3,"34":3,"35":9,"37":9,"38":3,"39":1,"40":1,"41":1,"42":1,"43":0,"44":0,"45":1,"47":3,"48":3,"49":3,"50":3,"51":9,"53":9,"54":3,"55":3,"57":5,"58":5,"59":5,"60":9,"61":9,"62":9,"65":9,"66":9,"67":9,"68":2,"70":9,"73":9,"74":9,"75":9,"77":9,"78":9,"80":9,"81":9,"83":9,"84":9,"90":9,"92":1},"branchMap":{"0":{"type":"branch","line":8,"loc":{"start":{"line":8,"column":20},"end":{"line":91,"column":1}},"locations":[{"start":{"line":8,"column":20},"end":{"line":91,"column":1}}]},"1":{"type":"branch","line":15,"loc":{"start":{"line":15,"column":20},"end":{"line":15,"column":75}},"locations":[{"start":{"line":15,"column":20},"end":{"line":15,"column":75}}]},"2":{"type":"branch","line":17,"loc":{"start":{"line":17,"column":4},"end":{"line":17,"column":71}},"locations":[{"start":{"line":17,"column":4},"end":{"line":17,"column":71}}]},"3":{"type":"branch","line":19,"loc":{"start":{"line":19,"column":4},"end":{"line":19,"column":77}},"locations":[{"start":{"line":19,"column":4},"end":{"line":19,"column":77}}]},"4":{"type":"branch","line":54,"loc":{"start":{"line":54,"column":17},"end":{"line":56,"column":3}},"locations":[{"start":{"line":54,"column":17},"end":{"line":56,"column":3}}]},"5":{"type":"branch","line":56,"loc":{"start":{"line":56,"column":2},"end":{"line":61,"column":47}},"locations":[{"start":{"line":56,"column":2},"end":{"line":61,"column":47}}]},"6":{"type":"branch","line":61,"loc":{"start":{"line":61,"column":41},"end":{"line":61,"column":57}},"locations":[{"start":{"line":61,"column":41},"end":{"line":61,"column":57}}]},"7":{"type":"branch","line":68,"loc":{"start":{"line":68,"column":11},"end":{"line":68,"column":37}},"locations":[{"start":{"line":68,"column":11},"end":{"line":68,"column":37}}]},"8":{"type":"branch","line":68,"loc":{"start":{"line":68,"column":17},"end":{"line":71,"column":13}},"locations":[{"start":{"line":68,"column":17},"end":{"line":71,"column":13}}]},"9":{"type":"branch","line":76,"loc":{"start":{"line":76,"column":36},"end":{"line":76,"column":51}},"locations":[{"start":{"line":76,"column":36},"end":{"line":76,"column":51}}]},"10":{"type":"branch","line":15,"loc":{"start":{"line":15,"column":44},"end":{"line":15,"column":63}},"locations":[{"start":{"line":15,"column":44},"end":{"line":15,"column":63}}]},"11":{"type":"branch","line":17,"loc":{"start":{"line":17,"column":32},"end":{"line":17,"column":59}},"locations":[{"start":{"line":17,"column":32},"end":{"line":17,"column":59}}]},"12":{"type":"branch","line":19,"loc":{"start":{"line":19,"column":31},"end":{"line":19,"column":65}},"locations":[{"start":{"line":19,"column":31},"end":{"line":19,"column":65}}]},"13":{"type":"branch","line":21,"loc":{"start":{"line":21,"column":12},"end":{"line":36,"column":5}},"locations":[{"start":{"line":21,"column":12},"end":{"line":36,"column":5}}]},"14":{"type":"branch","line":22,"loc":{"start":{"line":22,"column":20},"end":{"line":33,"column":5}},"locations":[{"start":{"line":22,"column":20},"end":{"line":33,"column":5}}]},"15":{"type":"branch","line":28,"loc":{"start":{"line":28,"column":8},"end":{"line":30,"column":16}},"locations":[{"start":{"line":28,"column":8},"end":{"line":30,"column":16}}]},"16":{"type":"branch","line":38,"loc":{"start":{"line":38,"column":12},"end":{"line":52,"column":5}},"locations":[{"start":{"line":38,"column":12},"end":{"line":52,"column":5}}]},"17":{"type":"branch","line":39,"loc":{"start":{"line":39,"column":31},"end":{"line":46,"column":5}},"locations":[{"start":{"line":39,"column":31},"end":{"line":46,"column":5}}]},"18":{"type":"branch","line":43,"loc":{"start":{"line":43,"column":8},"end":{"line":45,"column":7}},"locations":[{"start":{"line":43,"column":8},"end":{"line":45,"column":7}}]},"19":{"type":"branch","line":49,"loc":{"start":{"line":49,"column":11},"end":{"line":51,"column":5}},"locations":[{"start":{"line":49,"column":11},"end":{"line":51,"column":5}}]},"20":{"type":"branch","line":62,"loc":{"start":{"line":62,"column":50},"end":{"line":62,"column":70}},"locations":[{"start":{"line":62,"column":50},"end":{"line":62,"column":70}}]}},"b":{"0":[9],"1":[2],"2":[2],"3":[2],"4":[3],"5":[5],"6":[2],"7":[2],"8":[2],"9":[2],"10":[2],"11":[2],"12":[2],"13":[3],"14":[3],"15":[0],"16":[3],"17":[1],"18":[0],"19":[3],"20":[1]},"fnMap":{"0":{"name":"GameDetails","decl":{"start":{"line":8,"column":20},"end":{"line":91,"column":1}},"loc":{"start":{"line":8,"column":20},"end":{"line":91,"column":1}},"line":8},"1":{"name":"getGame","decl":{"start":{"line":22,"column":20},"end":{"line":33,"column":5}},"loc":{"start":{"line":22,"column":20},"end":{"line":33,"column":5}},"line":22},"2":{"name":"handleClickOutside","decl":{"start":{"line":39,"column":31},"end":{"line":46,"column":5}},"loc":{"start":{"line":39,"column":31},"end":{"line":46,"column":5}},"line":39},"3":{"name":"onClick","decl":{"start":{"line":62,"column":50},"end":{"line":62,"column":70}},"loc":{"start":{"line":62,"column":50},"end":{"line":62,"column":70}},"line":62}},"f":{"0":9,"1":3,"2":1,"3":1}}
,"D:\\Practice\\rs_school\\stage 3\\gamesgalaxy\\src\\components\\GameList\\GameList.tsx": {"path":"D:\\Practice\\rs_school\\stage 3\\gamesgalaxy\\src\\components\\GameList\\GameList.tsx","all":false,"statementMap":{"0":{"start":{"line":1,"column":0},"end":{"line":1,"column":43}},"2":{"start":{"line":3,"column":0},"end":{"line":3,"column":43}},"3":{"start":{"line":4,"column":0},"end":{"line":4,"column":42}},"10":{"start":{"line":11,"column":0},"end":{"line":11,"column":51}},"11":{"start":{"line":12,"column":0},"end":{"line":12,"column":18}},"12":{"start":{"line":13,"column":0},"end":{"line":13,"column":62}},"13":{"start":{"line":14,"column":0},"end":{"line":14,"column":3}},"15":{"start":{"line":16,"column":0},"end":{"line":16,"column":10}},"16":{"start":{"line":17,"column":0},"end":{"line":17,"column":6}},"17":{"start":{"line":18,"column":0},"end":{"line":18,"column":39}},"18":{"start":{"line":19,"column":0},"end":{"line":19,"column":64}},"20":{"start":{"line":21,"column":0},"end":{"line":21,"column":43}},"21":{"start":{"line":22,"column":0},"end":{"line":22,"column":28}},"22":{"start":{"line":23,"column":0},"end":{"line":23,"column":61}},"23":{"start":{"line":24,"column":0},"end":{"line":24,"column":34}},"29":{"start":{"line":30,"column":0},"end":{"line":30,"column":1}},"31":{"start":{"line":32,"column":0},"end":{"line":32,"column":23}}},"s":{"0":1,"2":1,"3":1,"10":1,"11":3,"12":1,"13":1,"15":2,"16":2,"17":3,"18":3,"20":3,"21":3,"22":3,"23":3,"29":3,"31":1},"branchMap":{"0":{"type":"branch","line":11,"loc":{"start":{"line":11,"column":17},"end":{"line":30,"column":1}},"locations":[{"start":{"line":11,"column":17},"end":{"line":30,"column":1}}]},"1":{"type":"branch","line":12,"loc":{"start":{"line":12,"column":17},"end":{"line":14,"column":3}},"locations":[{"start":{"line":12,"column":17},"end":{"line":14,"column":3}}]},"2":{"type":"branch","line":14,"loc":{"start":{"line":14,"column":2},"end":{"line":18,"column":34}},"locations":[{"start":{"line":14,"column":2},"end":{"line":18,"column":34}}]}},"b":{"0":[3],"1":[1],"2":[2]},"fnMap":{"0":{"name":"GameList","decl":{"start":{"line":11,"column":17},"end":{"line":30,"column":1}},"loc":{"start":{"line":11,"column":17},"end":{"line":30,"column":1}},"line":11}},"f":{"0":3}}
,"D:\\Practice\\rs_school\\stage 3\\gamesgalaxy\\src\\components\\Pagination\\Pagination.tsx": {"path":"D:\\Practice\\rs_school\\stage 3\\gamesgalaxy\\src\\components\\Pagination\\Pagination.tsx","all":false,"statementMap":{"0":{"start":{"line":1,"column":0},"end":{"line":1,"column":21}},"1":{"start":{"line":2,"column":0},"end":{"line":2,"column":45}},"9":{"start":{"line":10,"column":0},"end":{"line":10,"column":75}},"10":{"start":{"line":11,"column":0},"end":{"line":11,"column":32}},"11":{"start":{"line":12,"column":0},"end":{"line":12,"column":26}},"12":{"start":{"line":13,"column":0},"end":{"line":13,"column":35}},"13":{"start":{"line":14,"column":0},"end":{"line":14,"column":5}},"14":{"start":{"line":15,"column":0},"end":{"line":15,"column":3}},"16":{"start":{"line":17,"column":0},"end":{"line":17,"column":28}},"17":{"start":{"line":18,"column":0},"end":{"line":18,"column":35}},"18":{"start":{"line":19,"column":0},"end":{"line":19,"column":35}},"19":{"start":{"line":20,"column":0},"end":{"line":20,"column":5}},"20":{"start":{"line":21,"column":0},"end":{"line":21,"column":3}},"22":{"start":{"line":23,"column":0},"end":{"line":23,"column":45}},"23":{"start":{"line":24,"column":0},"end":{"line":24,"column":22}},"24":{"start":{"line":25,"column":0},"end":{"line":25,"column":3}},"26":{"start":{"line":27,"column":0},"end":{"line":27,"column":35}},"27":{"start":{"line":28,"column":0},"end":{"line":28,"column":20}},"28":{"start":{"line":29,"column":0},"end":{"line":29,"column":43}},"29":{"start":{"line":30,"column":0},"end":{"line":30,"column":17}},"30":{"start":{"line":31,"column":0},"end":{"line":31,"column":15}},"31":{"start":{"line":32,"column":0},"end":{"line":32,"column":17}},"32":{"start":{"line":33,"column":0},"end":{"line":33,"column":44}},"33":{"start":{"line":34,"column":0},"end":{"line":34,"column":51}},"34":{"start":{"line":35,"column":0},"end":{"line":35,"column":47}},"35":{"start":{"line":36,"column":0},"end":{"line":36,"column":13}},"37":{"start":{"line":38,"column":0},"end":{"line":38,"column":13}},"40":{"start":{"line":41,"column":0},"end":{"line":41,"column":5}},"41":{"start":{"line":42,"column":0},"end":{"line":42,"column":16}},"42":{"start":{"line":43,"column":0},"end":{"line":43,"column":3}},"44":{"start":{"line":45,"column":0},"end":{"line":45,"column":10}},"45":{"start":{"line":46,"column":0},"end":{"line":46,"column":39}},"46":{"start":{"line":47,"column":0},"end":{"line":47,"column":13}},"47":{"start":{"line":48,"column":0},"end":{"line":48,"column":26}},"48":{"start":{"line":49,"column":0},"end":{"line":49,"column":32}},"49":{"start":{"line":50,"column":0},"end":{"line":50,"column":36}},"51":{"start":{"line":52,"column":0},"end":{"line":52,"column":65}},"53":{"start":{"line":54,"column":0},"end":{"line":54,"column":27}},"54":{"start":{"line":55,"column":0},"end":{"line":55,"column":13}},"55":{"start":{"line":56,"column":0},"end":{"line":56,"column":26}},"56":{"start":{"line":57,"column":0},"end":{"line":57,"column":28}},"57":{"start":{"line":58,"column":0},"end":{"line":58,"column":45}},"59":{"start":{"line":60,"column":0},"end":{"line":60,"column":68}},"63":{"start":{"line":64,"column":0},"end":{"line":64,"column":1}},"65":{"start":{"line":66,"column":0},"end":{"line":66,"column":25}}},"s":{"0":1,"1":1,"9":1,"10":3,"11":0,"12":0,"13":0,"14":0,"16":3,"17":0,"18":0,"19":0,"20":0,"22":3,"23":1,"24":1,"26":3,"27":3,"28":3,"29":15,"30":15,"31":15,"32":15,"33":15,"34":15,"35":15,"37":15,"40":15,"41":15,"42":15,"44":3,"45":3,"46":3,"47":3,"48":3,"49":3,"51":3,"53":3,"54":3,"55":3,"56":3,"57":3,"59":3,"63":3,"65":1},"branchMap":{"0":{"type":"branch","line":10,"loc":{"start":{"line":10,"column":19},"end":{"line":64,"column":1}},"locations":[{"start":{"line":10,"column":19},"end":{"line":64,"column":1}}]},"1":{"type":"branch","line":23,"loc":{"start":{"line":23,"column":26},"end":{"line":25,"column":3}},"locations":[{"start":{"line":23,"column":26},"end":{"line":25,"column":3}}]},"2":{"type":"branch","line":27,"loc":{"start":{"line":27,"column":28},"end":{"line":43,"column":3}},"locations":[{"start":{"line":27,"column":28},"end":{"line":43,"column":3}}]},"3":{"type":"branch","line":29,"loc":{"start":{"line":29,"column":42},"end":{"line":43,"column":3}},"locations":[{"start":{"line":29,"column":42},"end":{"line":43,"column":3}}]},"4":{"type":"branch","line":33,"loc":{"start":{"line":33,"column":19},"end":{"line":33,"column":44}},"locations":[{"start":{"line":33,"column":19},"end":{"line":33,"column":44}}]}},"b":{"0":[3],"1":[1],"2":[3],"3":[15],"4":[1]},"fnMap":{"0":{"name":"Pagination","decl":{"start":{"line":10,"column":19},"end":{"line":64,"column":1}},"loc":{"start":{"line":10,"column":19},"end":{"line":64,"column":1}},"line":10},"1":{"name":"handlePrevious","decl":{"start":{"line":11,"column":25},"end":{"line":15,"column":3}},"loc":{"start":{"line":11,"column":25},"end":{"line":15,"column":3}},"line":11},"2":{"name":"handleNext","decl":{"start":{"line":17,"column":21},"end":{"line":21,"column":3}},"loc":{"start":{"line":17,"column":21},"end":{"line":21,"column":3}},"line":17},"3":{"name":"handlePageClick","decl":{"start":{"line":23,"column":26},"end":{"line":25,"column":3}},"loc":{"start":{"line":23,"column":26},"end":{"line":25,"column":3}},"line":23},"4":{"name":"renderPageNumbers","decl":{"start":{"line":27,"column":28},"end":{"line":43,"column":3}},"loc":{"start":{"line":27,"column":28},"end":{"line":43,"column":3}},"line":27},"5":{"name":"onClick","decl":{"start":{"line":33,"column":19},"end":{"line":33,"column":44}},"loc":{"start":{"line":33,"column":19},"end":{"line":33,"column":44}},"line":33}},"f":{"0":3,"1":0,"2":0,"3":1,"4":3,"5":1}}
,"D:\\Practice\\rs_school\\stage 3\\gamesgalaxy\\src\\components\\Search\\Search.tsx": {"path":"D:\\Practice\\rs_school\\stage 3\\gamesgalaxy\\src\\components\\Search\\Search.tsx","all":false,"statementMap":{"0":{"start":{"line":1,"column":0},"end":{"line":1,"column":54}},"1":{"start":{"line":2,"column":0},"end":{"line":2,"column":41}},"2":{"start":{"line":3,"column":0},"end":{"line":3,"column":57}},"9":{"start":{"line":10,"column":0},"end":{"line":10,"column":64}},"10":{"start":{"line":11,"column":0},"end":{"line":11,"column":74}},"11":{"start":{"line":12,"column":0},"end":{"line":12,"column":18}},"12":{"start":{"line":13,"column":0},"end":{"line":13,"column":7}},"14":{"start":{"line":15,"column":0},"end":{"line":15,"column":72}},"16":{"start":{"line":17,"column":0},"end":{"line":17,"column":19}},"17":{"start":{"line":18,"column":0},"end":{"line":18,"column":36}},"18":{"start":{"line":19,"column":0},"end":{"line":19,"column":40}},"20":{"start":{"line":21,"column":0},"end":{"line":21,"column":55}},"21":{"start":{"line":22,"column":0},"end":{"line":22,"column":22}},"22":{"start":{"line":23,"column":0},"end":{"line":23,"column":21}},"23":{"start":{"line":24,"column":0},"end":{"line":24,"column":39}},"24":{"start":{"line":25,"column":0},"end":{"line":25,"column":44}},"25":{"start":{"line":26,"column":0},"end":{"line":26,"column":39}},"26":{"start":{"line":27,"column":0},"end":{"line":27,"column":5}},"27":{"start":{"line":28,"column":0},"end":{"line":28,"column":3}},"29":{"start":{"line":30,"column":0},"end":{"line":30,"column":10}},"30":{"start":{"line":31,"column":0},"end":{"line":31,"column":54}},"31":{"start":{"line":32,"column":0},"end":{"line":32,"column":12}},"32":{"start":{"line":33,"column":0},"end":{"line":33,"column":32}},"33":{"start":{"line":34,"column":0},"end":{"line":34,"column":19}},"34":{"start":{"line":35,"column":0},"end":{"line":35,"column":37}},"35":{"start":{"line":36,"column":0},"end":{"line":36,"column":26}},"36":{"start":{"line":37,"column":0},"end":{"line":37,"column":62}},"38":{"start":{"line":39,"column":0},"end":{"line":39,"column":55}},"41":{"start":{"line":42,"column":0},"end":{"line":42,"column":1}},"43":{"start":{"line":44,"column":0},"end":{"line":44,"column":21}}},"s":{"0":1,"1":1,"2":1,"9":1,"10":4,"11":4,"12":4,"14":4,"16":4,"17":3,"18":4,"20":4,"21":1,"22":1,"23":1,"24":1,"25":1,"26":1,"27":1,"29":4,"30":4,"31":4,"32":4,"33":4,"34":4,"35":4,"36":4,"38":4,"41":4,"43":1},"branchMap":{"0":{"type":"branch","line":10,"loc":{"start":{"line":10,"column":15},"end":{"line":42,"column":1}},"locations":[{"start":{"line":10,"column":15},"end":{"line":42,"column":1}}]},"1":{"type":"branch","line":17,"loc":{"start":{"line":17,"column":12},"end":{"line":19,"column":5}},"locations":[{"start":{"line":17,"column":12},"end":{"line":19,"column":5}}]},"2":{"type":"branch","line":21,"loc":{"start":{"line":21,"column":19},"end":{"line":28,"column":3}},"locations":[{"start":{"line":21,"column":19},"end":{"line":28,"column":3}}]},"3":{"type":"branch","line":37,"loc":{"start":{"line":37,"column":18},"end":{"line":37,"column":62}},"locations":[{"start":{"line":37,"column":18},"end":{"line":37,"column":62}}]}},"b":{"0":[4],"1":[3],"2":[1],"3":[1]},"fnMap":{"0":{"name":"Search","decl":{"start":{"line":10,"column":15},"end":{"line":42,"column":1}},"loc":{"start":{"line":10,"column":15},"end":{"line":42,"column":1}},"line":10},"1":{"name":"onSubmit","decl":{"start":{"line":21,"column":19},"end":{"line":28,"column":3}},"loc":{"start":{"line":21,"column":19},"end":{"line":28,"column":3}},"line":21},"2":{"name":"onChange","decl":{"start":{"line":37,"column":18},"end":{"line":37,"column":62}},"loc":{"start":{"line":37,"column":18},"end":{"line":37,"column":62}},"line":37}},"f":{"0":4,"1":1,"2":1}}
,"D:\\Practice\\rs_school\\stage 3\\gamesgalaxy\\src\\hooks\\useLocalStorage.ts": {"path":"D:\\Practice\\rs_school\\stage 3\\gamesgalaxy\\src\\hooks\\useLocalStorage.ts","all":false,"statementMap":{"0":{"start":{"line":1,"column":0},"end":{"line":1,"column":69}},"2":{"start":{"line":3,"column":0},"end":{"line":3,"column":28}},"3":{"start":{"line":4,"column":0},"end":{"line":4,"column":14}},"4":{"start":{"line":5,"column":0},"end":{"line":5,"column":18}},"6":{"start":{"line":7,"column":0},"end":{"line":7,"column":47}},"7":{"start":{"line":8,"column":0},"end":{"line":8,"column":48}},"8":{"start":{"line":9,"column":0},"end":{"line":9,"column":61}},"9":{"start":{"line":10,"column":0},"end":{"line":10,"column":4}},"11":{"start":{"line":12,"column":0},"end":{"line":12,"column":19}},"12":{"start":{"line":13,"column":0},"end":{"line":13,"column":52}},"13":{"start":{"line":14,"column":0},"end":{"line":14,"column":18}},"15":{"start":{"line":16,"column":0},"end":{"line":16,"column":26}},"16":{"start":{"line":17,"column":0},"end":{"line":17,"column":1}},"18":{"start":{"line":19,"column":0},"end":{"line":19,"column":30}}},"s":{"0":1,"2":1,"3":4,"4":4,"6":4,"7":2,"8":2,"9":2,"11":4,"12":3,"13":4,"15":4,"16":4,"18":1},"branchMap":{"0":{"type":"branch","line":3,"loc":{"start":{"line":3,"column":24},"end":{"line":17,"column":1}},"locations":[{"start":{"line":3,"column":24},"end":{"line":17,"column":1}}]},"1":{"type":"branch","line":7,"loc":{"start":{"line":7,"column":40},"end":{"line":10,"column":4}},"locations":[{"start":{"line":7,"column":40},"end":{"line":10,"column":4}}]},"2":{"type":"branch","line":9,"loc":{"start":{"line":9,"column":11},"end":{"line":9,"column":49}},"locations":[{"start":{"line":9,"column":11},"end":{"line":9,"column":49}}]},"3":{"type":"branch","line":9,"loc":{"start":{"line":9,"column":35},"end":{"line":9,"column":61}},"locations":[{"start":{"line":9,"column":35},"end":{"line":9,"column":61}}]},"4":{"type":"branch","line":12,"loc":{"start":{"line":12,"column":12},"end":{"line":14,"column":5}},"locations":[{"start":{"line":12,"column":12},"end":{"line":14,"column":5}}]}},"b":{"0":[4],"1":[2],"2":[1],"3":[1],"4":[3]},"fnMap":{"0":{"name":"useLocalStorage","decl":{"start":{"line":3,"column":24},"end":{"line":17,"column":1}},"loc":{"start":{"line":3,"column":24},"end":{"line":17,"column":1}},"line":3}},"f":{"0":4}}
,"D:\\Practice\\rs_school\\stage 3\\gamesgalaxy\\src\\pages\\NotFound\\NotFound.tsx": {"path":"D:\\Practice\\rs_school\\stage 3\\gamesgalaxy\\src\\pages\\NotFound\\NotFound.tsx","all":false,"statementMap":{"0":{"start":{"line":1,"column":0},"end":{"line":1,"column":43}},"1":{"start":{"line":2,"column":0},"end":{"line":2,"column":51}},"2":{"start":{"line":3,"column":0},"end":{"line":3,"column":39}},"4":{"start":{"line":5,"column":0},"end":{"line":5,"column":24}},"5":{"start":{"line":6,"column":0},"end":{"line":6,"column":10}},"6":{"start":{"line":7,"column":0},"end":{"line":7,"column":36}},"7":{"start":{"line":8,"column":0},"end":{"line":8,"column":36}},"8":{"start":{"line":9,"column":0},"end":{"line":9,"column":55}},"10":{"start":{"line":11,"column":0},"end":{"line":11,"column":38}},"11":{"start":{"line":12,"column":0},"end":{"line":12,"column":62}},"12":{"start":{"line":13,"column":0},"end":{"line":13,"column":35}},"16":{"start":{"line":17,"column":0},"end":{"line":17,"column":47}},"22":{"start":{"line":23,"column":0},"end":{"line":23,"column":1}},"24":{"start":{"line":25,"column":0},"end":{"line":25,"column":23}}},"s":{"0":1,"1":1,"2":1,"4":1,"5":3,"6":3,"7":3,"8":3,"10":3,"11":3,"12":3,"16":3,"22":3,"24":1},"branchMap":{"0":{"type":"branch","line":5,"loc":{"start":{"line":5,"column":17},"end":{"line":23,"column":1}},"locations":[{"start":{"line":5,"column":17},"end":{"line":23,"column":1}}]}},"b":{"0":[3]},"fnMap":{"0":{"name":"NotFound","decl":{"start":{"line":5,"column":17},"end":{"line":23,"column":1}},"loc":{"start":{"line":5,"column":17},"end":{"line":23,"column":1}},"line":5}},"f":{"0":3}}
,"D:\\Practice\\rs_school\\stage 3\\gamesgalaxy\\src\\utils\\constants.ts": {"path":"D:\\Practice\\rs_school\\stage 3\\gamesgalaxy\\src\\utils\\constants.ts","all":false,"statementMap":{"0":{"start":{"line":1,"column":0},"end":{"line":1,"column":54}},"1":{"start":{"line":2,"column":0},"end":{"line":2,"column":62}}},"s":{"0":1,"1":1},"branchMap":{},"b":{},"fnMap":{},"f":{}}
}
