{"D:\\Practice\\rs_school\\stage 3\\gamesgalaxy\\src\\main.tsx": {"path":"D:\\Practice\\rs_school\\stage 3\\gamesgalaxy\\src\\main.tsx","all":true,"statementMap":{"0":{"start":{"line":1,"column":0},"end":{"line":1,"column":25}},"1":{"start":{"line":2,"column":0},"end":{"line":2,"column":39}},"2":{"start":{"line":3,"column":0},"end":{"line":3,"column":28}},"3":{"start":{"line":4,"column":0},"end":{"line":4,"column":68}},"4":{"start":{"line":5,"column":0},"end":{"line":5,"column":49}},"5":{"start":{"line":6,"column":0},"end":{"line":6,"column":36}},"6":{"start":{"line":7,"column":0},"end":{"line":7,"column":38}},"7":{"start":{"line":8,"column":0},"end":{"line":8,"column":37}},"8":{"start":{"line":9,"column":0},"end":{"line":9,"column":65}},"10":{"start":{"line":11,"column":0},"end":{"line":11,"column":61}},"11":{"start":{"line":12,"column":0},"end":{"line":12,"column":20}},"12":{"start":{"line":13,"column":0},"end":{"line":13,"column":28}},"13":{"start":{"line":14,"column":0},"end":{"line":14,"column":28}},"14":{"start":{"line":15,"column":0},"end":{"line":15,"column":23}},"15":{"start":{"line":16,"column":0},"end":{"line":16,"column":44}}},"s":{"0":0,"1":0,"2":0,"3":0,"4":0,"5":0,"6":0,"7":0,"8":0,"10":0,"11":0,"12":0,"13":0,"14":0,"15":0},"branchMap":{"0":{"type":"branch","line":1,"loc":{"start":{"line":1,"column":700},"end":{"line":21,"column":1}},"locations":[{"start":{"line":1,"column":700},"end":{"line":21,"column":1}}]}},"b":{"0":[0]},"fnMap":{"0":{"name":"(empty-report)","decl":{"start":{"line":1,"column":700},"end":{"line":21,"column":1}},"loc":{"start":{"line":1,"column":700},"end":{"line":21,"column":1}},"line":1}},"f":{"0":0}}
,"D:\\Practice\\rs_school\\stage 3\\gamesgalaxy\\src\\components\\ErrorBoundary\\ErrorBoundary.tsx": {"path":"D:\\Practice\\rs_school\\stage 3\\gamesgalaxy\\src\\components\\ErrorBoundary\\ErrorBoundary.tsx","all":false,"statementMap":{"0":{"start":{"line":1,"column":0},"end":{"line":1,"column":44}},"1":{"start":{"line":2,"column":0},"end":{"line":2,"column":48}},"11":{"start":{"line":12,"column":0},"end":{"line":12,"column":53}},"12":{"start":{"line":13,"column":0},"end":{"line":13,"column":29}},"13":{"start":{"line":14,"column":0},"end":{"line":14,"column":16}},"14":{"start":{"line":15,"column":0},"end":{"line":15,"column":36}},"15":{"start":{"line":16,"column":0},"end":{"line":16,"column":3}},"17":{"start":{"line":18,"column":0},"end":{"line":18,"column":49}},"18":{"start":{"line":19,"column":0},"end":{"line":19,"column":58}},"19":{"start":{"line":20,"column":0},"end":{"line":20,"column":29}},"20":{"start":{"line":21,"column":0},"end":{"line":21,"column":3}},"22":{"start":{"line":23,"column":0},"end":{"line":23,"column":22}},"23":{"start":{"line":24,"column":0},"end":{"line":24,"column":28}},"24":{"start":{"line":25,"column":0},"end":{"line":25,"column":3}},"26":{"start":{"line":27,"column":0},"end":{"line":27,"column":12}},"27":{"start":{"line":28,"column":0},"end":{"line":28,"column":30}},"28":{"start":{"line":29,"column":0},"end":{"line":29,"column":14}},"29":{"start":{"line":30,"column":0},"end":{"line":30,"column":49}},"30":{"start":{"line":31,"column":0},"end":{"line":31,"column":74}},"31":{"start":{"line":32,"column":0},"end":{"line":32,"column":73}},"32":{"start":{"line":33,"column":0},"end":{"line":33,"column":79}},"37":{"start":{"line":38,"column":0},"end":{"line":38,"column":5}},"39":{"start":{"line":40,"column":0},"end":{"line":40,"column":30}},"40":{"start":{"line":41,"column":0},"end":{"line":41,"column":3}},"41":{"start":{"line":42,"column":0},"end":{"line":42,"column":1}},"43":{"start":{"line":44,"column":0},"end":{"line":44,"column":28}}},"s":{"0":1,"1":1,"11":1,"12":1,"13":4,"14":4,"15":4,"17":1,"18":2,"19":2,"20":2,"22":1,"23":1,"24":1,"26":1,"27":5,"28":2,"29":2,"30":2,"31":2,"32":2,"37":2,"39":3,"40":3,"41":1,"43":1},"branchMap":{"0":{"type":"branch","line":18,"loc":{"start":{"line":18,"column":9},"end":{"line":21,"column":3}},"locations":[{"start":{"line":18,"column":9},"end":{"line":21,"column":3}}]},"1":{"type":"branch","line":27,"loc":{"start":{"line":27,"column":2},"end":{"line":41,"column":3}},"locations":[{"start":{"line":27,"column":2},"end":{"line":41,"column":3}}]},"2":{"type":"branch","line":28,"loc":{"start":{"line":28,"column":29},"end":{"line":38,"column":5}},"locations":[{"start":{"line":28,"column":29},"end":{"line":38,"column":5}}]},"3":{"type":"branch","line":38,"loc":{"start":{"line":38,"column":4},"end":{"line":41,"column":3}},"locations":[{"start":{"line":38,"column":4},"end":{"line":41,"column":3}}]},"4":{"type":"branch","line":13,"loc":{"start":{"line":13,"column":2},"end":{"line":16,"column":3}},"locations":[{"start":{"line":13,"column":2},"end":{"line":16,"column":3}}]},"5":{"type":"branch","line":23,"loc":{"start":{"line":23,"column":15},"end":{"line":25,"column":3}},"locations":[{"start":{"line":23,"column":15},"end":{"line":25,"column":3}}]}},"b":{"0":[2],"1":[5],"2":[2],"3":[3],"4":[4],"5":[1]},"fnMap":{"0":{"name":"getDerivedStateFromError","decl":{"start":{"line":18,"column":9},"end":{"line":21,"column":3}},"loc":{"start":{"line":18,"column":9},"end":{"line":21,"column":3}},"line":18},"1":{"name":"render","decl":{"start":{"line":27,"column":2},"end":{"line":41,"column":3}},"loc":{"start":{"line":27,"column":2},"end":{"line":41,"column":3}},"line":27},"2":{"name":"ErrorBoundary","decl":{"start":{"line":13,"column":2},"end":{"line":16,"column":3}},"loc":{"start":{"line":13,"column":2},"end":{"line":16,"column":3}},"line":13}},"f":{"0":2,"1":5,"2":4}}
,"D:\\Practice\\rs_school\\stage 3\\gamesgalaxy\\src\\components\\GameCard\\GameCard.tsx": {"path":"D:\\Practice\\rs_school\\stage 3\\gamesgalaxy\\src\\components\\GameCard\\GameCard.tsx","all":false,"statementMap":{"0":{"start":{"line":1,"column":0},"end":{"line":1,"column":21}},"2":{"start":{"line":3,"column":0},"end":{"line":3,"column":43}},"3":{"start":{"line":4,"column":0},"end":{"line":4,"column":47}},"4":{"start":{"line":5,"column":0},"end":{"line":5,"column":47}},"6":{"start":{"line":7,"column":0},"end":{"line":7,"column":73}},"7":{"start":{"line":8,"column":0},"end":{"line":8,"column":62}},"9":{"start":{"line":10,"column":0},"end":{"line":10,"column":10}},"10":{"start":{"line":11,"column":0},"end":{"line":11,"column":33}},"11":{"start":{"line":12,"column":0},"end":{"line":12,"column":34}},"12":{"start":{"line":13,"column":0},"end":{"line":13,"column":29}},"13":{"start":{"line":14,"column":0},"end":{"line":14,"column":57}},"15":{"start":{"line":16,"column":0},"end":{"line":16,"column":46}},"18":{"start":{"line":19,"column":0},"end":{"line":19,"column":46}},"19":{"start":{"line":20,"column":0},"end":{"line":20,"column":48}},"20":{"start":{"line":21,"column":0},"end":{"line":21,"column":69}},"21":{"start":{"line":22,"column":0},"end":{"line":22,"column":33}},"23":{"start":{"line":24,"column":0},"end":{"line":24,"column":55}},"27":{"start":{"line":28,"column":0},"end":{"line":28,"column":1}},"29":{"start":{"line":30,"column":0},"end":{"line":30,"column":23}}},"s":{"0":1,"2":1,"3":1,"4":1,"6":1,"7":20,"9":20,"10":20,"11":20,"12":20,"13":20,"15":20,"18":20,"19":20,"20":20,"21":20,"23":20,"27":20,"29":1},"branchMap":{"0":{"type":"branch","line":7,"loc":{"start":{"line":7,"column":17},"end":{"line":28,"column":1}},"locations":[{"start":{"line":7,"column":17},"end":{"line":28,"column":1}}]},"1":{"type":"branch","line":8,"loc":{"start":{"line":8,"column":31},"end":{"line":8,"column":50}},"locations":[{"start":{"line":8,"column":31},"end":{"line":8,"column":50}}]}},"b":{"0":[20],"1":[32]},"fnMap":{"0":{"name":"GameCard","decl":{"start":{"line":7,"column":17},"end":{"line":28,"column":1}},"loc":{"start":{"line":7,"column":17},"end":{"line":28,"column":1}},"line":7}},"f":{"0":20}}
,"D:\\Practice\\rs_school\\stage 3\\gamesgalaxy\\src\\components\\GameDetails\\GameDetails.tsx": {"path":"D:\\Practice\\rs_school\\stage 3\\gamesgalaxy\\src\\components\\GameDetails\\GameDetails.tsx","all":false,"statementMap":{"0":{"start":{"line":1,"column":0},"end":{"line":1,"column":57}},"1":{"start":{"line":2,"column":0},"end":{"line":2,"column":46}},"2":{"start":{"line":3,"column":0},"end":{"line":3,"column":41}},"3":{"start":{"line":4,"column":0},"end":{"line":4,"column":47}},"4":{"start":{"line":5,"column":0},"end":{"line":5,"column":54}},"6":{"start":{"line":7,"column":0},"end":{"line":7,"column":27}},"7":{"start":{"line":8,"column":0},"end":{"line":8,"column":30}},"8":{"start":{"line":9,"column":0},"end":{"line":9,"column":32}},"9":{"start":{"line":10,"column":0},"end":{"line":10,"column":48}},"11":{"start":{"line":12,"column":0},"end":{"line":12,"column":63}},"12":{"start":{"line":13,"column":0},"end":{"line":13,"column":21}},"13":{"start":{"line":14,"column":0},"end":{"line":14,"column":16}},"14":{"start":{"line":15,"column":0},"end":{"line":15,"column":4}},"16":{"start":{"line":17,"column":0},"end":{"line":17,"column":75}},"17":{"start":{"line":18,"column":0},"end":{"line":18,"column":23}},"18":{"start":{"line":19,"column":0},"end":{"line":19,"column":71}},"19":{"start":{"line":20,"column":0},"end":{"line":20,"column":22}},"20":{"start":{"line":21,"column":0},"end":{"line":21,"column":77}},"22":{"start":{"line":23,"column":0},"end":{"line":23,"column":19}},"23":{"start":{"line":24,"column":0},"end":{"line":24,"column":55}},"24":{"start":{"line":25,"column":0},"end":{"line":25,"column":10}},"25":{"start":{"line":26,"column":0},"end":{"line":26,"column":28}},"26":{"start":{"line":27,"column":0},"end":{"line":27,"column":57}},"27":{"start":{"line":28,"column":0},"end":{"line":28,"column":9}},"28":{"start":{"line":29,"column":0},"end":{"line":29,"column":20}},"29":{"start":{"line":30,"column":0},"end":{"line":30,"column":7}},"30":{"start":{"line":31,"column":0},"end":{"line":31,"column":5}},"32":{"start":{"line":33,"column":0},"end":{"line":33,"column":62}},"33":{"start":{"line":34,"column":0},"end":{"line":34,"column":18}},"34":{"start":{"line":35,"column":0},"end":{"line":35,"column":67}},"35":{"start":{"line":36,"column":0},"end":{"line":36,"column":5}},"36":{"start":{"line":37,"column":0},"end":{"line":37,"column":16}},"38":{"start":{"line":39,"column":0},"end":{"line":39,"column":19}},"39":{"start":{"line":40,"column":0},"end":{"line":40,"column":32}},"40":{"start":{"line":41,"column":0},"end":{"line":41,"column":3}},"42":{"start":{"line":43,"column":0},"end":{"line":43,"column":10}},"43":{"start":{"line":44,"column":0},"end":{"line":44,"column":63}},"44":{"start":{"line":45,"column":0},"end":{"line":45,"column":37}},"45":{"start":{"line":46,"column":0},"end":{"line":46,"column":57}},"46":{"start":{"line":47,"column":0},"end":{"line":47,"column":70}},"47":{"start":{"line":48,"column":0},"end":{"line":48,"column":62}},"50":{"start":{"line":51,"column":0},"end":{"line":51,"column":46}},"51":{"start":{"line":52,"column":0},"end":{"line":52,"column":53}},"52":{"start":{"line":53,"column":0},"end":{"line":53,"column":37}},"53":{"start":{"line":54,"column":0},"end":{"line":54,"column":65}},"55":{"start":{"line":56,"column":0},"end":{"line":56,"column":48}},"58":{"start":{"line":59,"column":0},"end":{"line":59,"column":48}},"59":{"start":{"line":60,"column":0},"end":{"line":60,"column":39}},"60":{"start":{"line":61,"column":0},"end":{"line":61,"column":51}},"62":{"start":{"line":63,"column":0},"end":{"line":63,"column":39}},"63":{"start":{"line":64,"column":0},"end":{"line":64,"column":52}},"65":{"start":{"line":66,"column":0},"end":{"line":66,"column":39}},"66":{"start":{"line":67,"column":0},"end":{"line":67,"column":44}},"68":{"start":{"line":69,"column":0},"end":{"line":69,"column":39}},"69":{"start":{"line":70,"column":0},"end":{"line":70,"column":50}},"75":{"start":{"line":76,"column":0},"end":{"line":76,"column":1}},"77":{"start":{"line":78,"column":0},"end":{"line":78,"column":26}}},"s":{"0":1,"1":1,"2":1,"3":1,"4":1,"6":1,"7":3,"8":3,"9":3,"11":3,"12":3,"13":3,"14":3,"16":3,"17":3,"18":3,"19":3,"20":3,"22":3,"23":3,"24":1,"25":1,"26":1,"27":1,"28":0,"29":0,"30":1,"32":3,"33":3,"34":3,"35":3,"36":3,"38":3,"39":1,"40":1,"42":2,"43":2,"44":2,"45":2,"46":3,"47":3,"50":3,"51":3,"52":3,"53":2,"55":3,"58":3,"59":3,"60":3,"62":3,"63":3,"65":3,"66":3,"68":3,"69":3,"75":3,"77":1},"branchMap":{"0":{"type":"branch","line":7,"loc":{"start":{"line":7,"column":20},"end":{"line":76,"column":1}},"locations":[{"start":{"line":7,"column":20},"end":{"line":76,"column":1}}]},"1":{"type":"branch","line":13,"loc":{"start":{"line":13,"column":10},"end":{"line":13,"column":21}},"locations":[{"start":{"line":13,"column":10},"end":{"line":13,"column":21}}]},"2":{"type":"branch","line":17,"loc":{"start":{"line":17,"column":20},"end":{"line":17,"column":75}},"locations":[{"start":{"line":17,"column":20},"end":{"line":17,"column":75}}]},"3":{"type":"branch","line":19,"loc":{"start":{"line":19,"column":4},"end":{"line":19,"column":71}},"locations":[{"start":{"line":19,"column":4},"end":{"line":19,"column":71}}]},"4":{"type":"branch","line":21,"loc":{"start":{"line":21,"column":4},"end":{"line":21,"column":77}},"locations":[{"start":{"line":21,"column":4},"end":{"line":21,"column":77}}]},"5":{"type":"branch","line":39,"loc":{"start":{"line":39,"column":18},"end":{"line":41,"column":3}},"locations":[{"start":{"line":39,"column":18},"end":{"line":41,"column":3}}]},"6":{"type":"branch","line":41,"loc":{"start":{"line":41,"column":2},"end":{"line":46,"column":57}},"locations":[{"start":{"line":41,"column":2},"end":{"line":46,"column":57}}]},"7":{"type":"branch","line":53,"loc":{"start":{"line":53,"column":11},"end":{"line":53,"column":37}},"locations":[{"start":{"line":53,"column":11},"end":{"line":53,"column":37}}]},"8":{"type":"branch","line":53,"loc":{"start":{"line":53,"column":17},"end":{"line":56,"column":13}},"locations":[{"start":{"line":53,"column":17},"end":{"line":56,"column":13}}]},"9":{"type":"branch","line":61,"loc":{"start":{"line":61,"column":36},"end":{"line":61,"column":51}},"locations":[{"start":{"line":61,"column":36},"end":{"line":61,"column":51}}]},"10":{"type":"branch","line":17,"loc":{"start":{"line":17,"column":44},"end":{"line":17,"column":63}},"locations":[{"start":{"line":17,"column":44},"end":{"line":17,"column":63}}]},"11":{"type":"branch","line":19,"loc":{"start":{"line":19,"column":32},"end":{"line":19,"column":59}},"locations":[{"start":{"line":19,"column":32},"end":{"line":19,"column":59}}]},"12":{"type":"branch","line":21,"loc":{"start":{"line":21,"column":31},"end":{"line":21,"column":65}},"locations":[{"start":{"line":21,"column":31},"end":{"line":21,"column":65}}]},"13":{"type":"branch","line":23,"loc":{"start":{"line":23,"column":12},"end":{"line":37,"column":5}},"locations":[{"start":{"line":23,"column":12},"end":{"line":37,"column":5}}]},"14":{"type":"branch","line":24,"loc":{"start":{"line":24,"column":31},"end":{"line":31,"column":5}},"locations":[{"start":{"line":24,"column":31},"end":{"line":31,"column":5}}]},"15":{"type":"branch","line":28,"loc":{"start":{"line":28,"column":8},"end":{"line":30,"column":7}},"locations":[{"start":{"line":28,"column":8},"end":{"line":30,"column":7}}]},"16":{"type":"branch","line":34,"loc":{"start":{"line":34,"column":11},"end":{"line":36,"column":5}},"locations":[{"start":{"line":34,"column":11},"end":{"line":36,"column":5}}]},"17":{"type":"branch","line":47,"loc":{"start":{"line":47,"column":50},"end":{"line":47,"column":70}},"locations":[{"start":{"line":47,"column":50},"end":{"line":47,"column":70}}]}},"b":{"0":[3],"1":[0],"2":[2],"3":[2],"4":[2],"5":[1],"6":[2],"7":[2],"8":[2],"9":[2],"10":[2],"11":[2],"12":[2],"13":[3],"14":[1],"15":[0],"16":[3],"17":[1]},"fnMap":{"0":{"name":"GameDetails","decl":{"start":{"line":7,"column":20},"end":{"line":76,"column":1}},"loc":{"start":{"line":7,"column":20},"end":{"line":76,"column":1}},"line":7},"1":{"name":"handleClickOutside","decl":{"start":{"line":24,"column":31},"end":{"line":31,"column":5}},"loc":{"start":{"line":24,"column":31},"end":{"line":31,"column":5}},"line":24},"2":{"name":"onClick","decl":{"start":{"line":47,"column":50},"end":{"line":47,"column":70}},"loc":{"start":{"line":47,"column":50},"end":{"line":47,"column":70}},"line":47}},"f":{"0":3,"1":1,"2":1}}
,"D:\\Practice\\rs_school\\stage 3\\gamesgalaxy\\src\\components\\GameList\\GameList.tsx": {"path":"D:\\Practice\\rs_school\\stage 3\\gamesgalaxy\\src\\components\\GameList\\GameList.tsx","all":false,"statementMap":{"0":{"start":{"line":1,"column":0},"end":{"line":1,"column":21}},"1":{"start":{"line":2,"column":0},"end":{"line":2,"column":43}},"3":{"start":{"line":4,"column":0},"end":{"line":4,"column":43}},"4":{"start":{"line":5,"column":0},"end":{"line":5,"column":42}},"5":{"start":{"line":6,"column":0},"end":{"line":6,"column":59}},"6":{"start":{"line":7,"column":0},"end":{"line":7,"column":71}},"7":{"start":{"line":8,"column":0},"end":{"line":8,"column":59}},"14":{"start":{"line":15,"column":0},"end":{"line":15,"column":51}},"15":{"start":{"line":16,"column":0},"end":{"line":16,"column":35}},"16":{"start":{"line":17,"column":0},"end":{"line":17,"column":46}},"18":{"start":{"line":19,"column":0},"end":{"line":19,"column":18}},"19":{"start":{"line":20,"column":0},"end":{"line":20,"column":62}},"20":{"start":{"line":21,"column":0},"end":{"line":21,"column":3}},"22":{"start":{"line":23,"column":0},"end":{"line":23,"column":10}},"23":{"start":{"line":24,"column":0},"end":{"line":24,"column":6}},"24":{"start":{"line":25,"column":0},"end":{"line":25,"column":39}},"25":{"start":{"line":26,"column":0},"end":{"line":26,"column":64}},"27":{"start":{"line":28,"column":0},"end":{"line":28,"column":43}},"28":{"start":{"line":29,"column":0},"end":{"line":29,"column":28}},"29":{"start":{"line":30,"column":0},"end":{"line":30,"column":14}},"30":{"start":{"line":31,"column":0},"end":{"line":31,"column":25}},"31":{"start":{"line":32,"column":0},"end":{"line":32,"column":44}},"32":{"start":{"line":33,"column":0},"end":{"line":33,"column":53}},"34":{"start":{"line":35,"column":0},"end":{"line":35,"column":49}},"35":{"start":{"line":36,"column":0},"end":{"line":36,"column":36}},"37":{"start":{"line":38,"column":0},"end":{"line":38,"column":19}},"38":{"start":{"line":39,"column":0},"end":{"line":39,"column":41}},"39":{"start":{"line":40,"column":0},"end":{"line":40,"column":77}},"41":{"start":{"line":42,"column":0},"end":{"line":42,"column":19}},"42":{"start":{"line":43,"column":0},"end":{"line":43,"column":60}},"43":{"start":{"line":44,"column":0},"end":{"line":44,"column":74}},"44":{"start":{"line":45,"column":0},"end":{"line":45,"column":19}},"45":{"start":{"line":46,"column":0},"end":{"line":46,"column":15}},"54":{"start":{"line":55,"column":0},"end":{"line":55,"column":1}},"56":{"start":{"line":57,"column":0},"end":{"line":57,"column":23}}},"s":{"0":1,"1":1,"3":1,"4":1,"5":1,"6":1,"7":1,"14":1,"15":7,"16":7,"18":7,"19":1,"20":1,"22":6,"23":6,"24":7,"25":7,"27":7,"28":7,"29":7,"30":7,"31":7,"32":7,"34":7,"35":7,"37":7,"38":7,"39":7,"41":7,"42":7,"43":7,"44":7,"45":7,"54":7,"56":1},"branchMap":{"0":{"type":"branch","line":15,"loc":{"start":{"line":15,"column":17},"end":{"line":55,"column":1}},"locations":[{"start":{"line":15,"column":17},"end":{"line":55,"column":1}}]},"1":{"type":"branch","line":19,"loc":{"start":{"line":19,"column":17},"end":{"line":21,"column":3}},"locations":[{"start":{"line":19,"column":17},"end":{"line":21,"column":3}}]},"2":{"type":"branch","line":21,"loc":{"start":{"line":21,"column":2},"end":{"line":25,"column":34}},"locations":[{"start":{"line":21,"column":2},"end":{"line":25,"column":34}}]},"3":{"type":"branch","line":17,"loc":{"start":{"line":17,"column":39},"end":{"line":17,"column":46}},"locations":[{"start":{"line":17,"column":39},"end":{"line":17,"column":46}}]},"4":{"type":"branch","line":40,"loc":{"start":{"line":40,"column":23},"end":{"line":40,"column":77}},"locations":[{"start":{"line":40,"column":23},"end":{"line":40,"column":77}}]},"5":{"type":"branch","line":44,"loc":{"start":{"line":44,"column":45},"end":{"line":44,"column":72}},"locations":[{"start":{"line":44,"column":45},"end":{"line":44,"column":72}}]}},"b":{"0":[7],"1":[1],"2":[6],"3":[4],"4":[1],"5":[1]},"fnMap":{"0":{"name":"GameList","decl":{"start":{"line":15,"column":17},"end":{"line":55,"column":1}},"loc":{"start":{"line":15,"column":17},"end":{"line":55,"column":1}},"line":15},"1":{"name":"onClick","decl":{"start":{"line":40,"column":23},"end":{"line":40,"column":77}},"loc":{"start":{"line":40,"column":23},"end":{"line":40,"column":77}},"line":40}},"f":{"0":7,"1":1}}
,"D:\\Practice\\rs_school\\stage 3\\gamesgalaxy\\src\\components\\Header\\Header.tsx": {"path":"D:\\Practice\\rs_school\\stage 3\\gamesgalaxy\\src\\components\\Header\\Header.tsx","all":false,"statementMap":{"0":{"start":{"line":1,"column":0},"end":{"line":1,"column":34}},"1":{"start":{"line":2,"column":0},"end":{"line":2,"column":41}},"2":{"start":{"line":3,"column":0},"end":{"line":3,"column":65}},"4":{"start":{"line":5,"column":0},"end":{"line":5,"column":22}},"5":{"start":{"line":6,"column":0},"end":{"line":6,"column":47}},"7":{"start":{"line":8,"column":0},"end":{"line":8,"column":27}},"9":{"start":{"line":10,"column":0},"end":{"line":10,"column":40}},"11":{"start":{"line":12,"column":0},"end":{"line":12,"column":29}},"12":{"start":{"line":13,"column":0},"end":{"line":13,"column":49}},"13":{"start":{"line":14,"column":0},"end":{"line":14,"column":3}},"15":{"start":{"line":16,"column":0},"end":{"line":16,"column":10}},"16":{"start":{"line":17,"column":0},"end":{"line":17,"column":36}},"17":{"start":{"line":18,"column":0},"end":{"line":18,"column":35}},"18":{"start":{"line":19,"column":0},"end":{"line":19,"column":32}},"20":{"start":{"line":21,"column":0},"end":{"line":21,"column":67}},"21":{"start":{"line":22,"column":0},"end":{"line":22,"column":29}},"22":{"start":{"line":23,"column":0},"end":{"line":23,"column":71}},"24":{"start":{"line":25,"column":0},"end":{"line":25,"column":70}},"29":{"start":{"line":30,"column":0},"end":{"line":30,"column":1}},"31":{"start":{"line":32,"column":0},"end":{"line":32,"column":21}}},"s":{"0":1,"1":1,"2":1,"4":1,"5":7,"7":7,"9":7,"11":7,"12":0,"13":0,"15":7,"16":7,"17":7,"18":7,"20":7,"21":7,"22":0,"24":7,"29":7,"31":1},"branchMap":{"0":{"type":"branch","line":5,"loc":{"start":{"line":5,"column":15},"end":{"line":30,"column":1}},"locations":[{"start":{"line":5,"column":15},"end":{"line":30,"column":1}}]},"1":{"type":"branch","line":8,"loc":{"start":{"line":8,"column":21},"end":{"line":8,"column":27}},"locations":[{"start":{"line":8,"column":21},"end":{"line":8,"column":27}}]},"2":{"type":"branch","line":22,"loc":{"start":{"line":22,"column":19},"end":{"line":25,"column":11}},"locations":[{"start":{"line":22,"column":19},"end":{"line":25,"column":11}}]}},"b":{"0":[7],"1":[0],"2":[0]},"fnMap":{"0":{"name":"Header","decl":{"start":{"line":5,"column":15},"end":{"line":30,"column":1}},"loc":{"start":{"line":5,"column":15},"end":{"line":30,"column":1}},"line":5},"1":{"name":"changeTheme","decl":{"start":{"line":12,"column":22},"end":{"line":14,"column":3}},"loc":{"start":{"line":12,"column":22},"end":{"line":14,"column":3}},"line":12}},"f":{"0":7,"1":0}}
,"D:\\Practice\\rs_school\\stage 3\\gamesgalaxy\\src\\components\\Pagination\\Pagination.tsx": {"path":"D:\\Practice\\rs_school\\stage 3\\gamesgalaxy\\src\\components\\Pagination\\Pagination.tsx","all":false,"statementMap":{"0":{"start":{"line":1,"column":0},"end":{"line":1,"column":21}},"1":{"start":{"line":2,"column":0},"end":{"line":2,"column":45}},"9":{"start":{"line":10,"column":0},"end":{"line":10,"column":75}},"10":{"start":{"line":11,"column":0},"end":{"line":11,"column":32}},"11":{"start":{"line":12,"column":0},"end":{"line":12,"column":26}},"12":{"start":{"line":13,"column":0},"end":{"line":13,"column":35}},"13":{"start":{"line":14,"column":0},"end":{"line":14,"column":5}},"14":{"start":{"line":15,"column":0},"end":{"line":15,"column":3}},"16":{"start":{"line":17,"column":0},"end":{"line":17,"column":28}},"17":{"start":{"line":18,"column":0},"end":{"line":18,"column":35}},"18":{"start":{"line":19,"column":0},"end":{"line":19,"column":35}},"19":{"start":{"line":20,"column":0},"end":{"line":20,"column":5}},"20":{"start":{"line":21,"column":0},"end":{"line":21,"column":3}},"22":{"start":{"line":23,"column":0},"end":{"line":23,"column":45}},"23":{"start":{"line":24,"column":0},"end":{"line":24,"column":22}},"24":{"start":{"line":25,"column":0},"end":{"line":25,"column":3}},"26":{"start":{"line":27,"column":0},"end":{"line":27,"column":35}},"27":{"start":{"line":28,"column":0},"end":{"line":28,"column":20}},"28":{"start":{"line":29,"column":0},"end":{"line":29,"column":43}},"29":{"start":{"line":30,"column":0},"end":{"line":30,"column":17}},"30":{"start":{"line":31,"column":0},"end":{"line":31,"column":15}},"31":{"start":{"line":32,"column":0},"end":{"line":32,"column":17}},"32":{"start":{"line":33,"column":0},"end":{"line":33,"column":44}},"33":{"start":{"line":34,"column":0},"end":{"line":34,"column":51}},"34":{"start":{"line":35,"column":0},"end":{"line":35,"column":47}},"35":{"start":{"line":36,"column":0},"end":{"line":36,"column":13}},"37":{"start":{"line":38,"column":0},"end":{"line":38,"column":13}},"40":{"start":{"line":41,"column":0},"end":{"line":41,"column":5}},"41":{"start":{"line":42,"column":0},"end":{"line":42,"column":16}},"42":{"start":{"line":43,"column":0},"end":{"line":43,"column":3}},"44":{"start":{"line":45,"column":0},"end":{"line":45,"column":10}},"45":{"start":{"line":46,"column":0},"end":{"line":46,"column":39}},"46":{"start":{"line":47,"column":0},"end":{"line":47,"column":13}},"47":{"start":{"line":48,"column":0},"end":{"line":48,"column":26}},"48":{"start":{"line":49,"column":0},"end":{"line":49,"column":32}},"49":{"start":{"line":50,"column":0},"end":{"line":50,"column":36}},"51":{"start":{"line":52,"column":0},"end":{"line":52,"column":65}},"53":{"start":{"line":54,"column":0},"end":{"line":54,"column":27}},"54":{"start":{"line":55,"column":0},"end":{"line":55,"column":13}},"55":{"start":{"line":56,"column":0},"end":{"line":56,"column":26}},"56":{"start":{"line":57,"column":0},"end":{"line":57,"column":28}},"57":{"start":{"line":58,"column":0},"end":{"line":58,"column":45}},"59":{"start":{"line":60,"column":0},"end":{"line":60,"column":68}},"63":{"start":{"line":64,"column":0},"end":{"line":64,"column":1}},"65":{"start":{"line":66,"column":0},"end":{"line":66,"column":25}}},"s":{"0":1,"1":1,"9":1,"10":9,"11":1,"12":1,"13":1,"14":1,"16":9,"17":1,"18":1,"19":1,"20":1,"22":9,"23":1,"24":1,"26":9,"27":9,"28":9,"29":53,"30":53,"31":53,"32":53,"33":53,"34":53,"35":53,"37":53,"40":53,"41":53,"42":53,"44":9,"45":9,"46":9,"47":9,"48":9,"49":9,"51":9,"53":9,"54":9,"55":9,"56":9,"57":9,"59":9,"63":9,"65":1},"branchMap":{"0":{"type":"branch","line":10,"loc":{"start":{"line":10,"column":19},"end":{"line":64,"column":1}},"locations":[{"start":{"line":10,"column":19},"end":{"line":64,"column":1}}]},"1":{"type":"branch","line":11,"loc":{"start":{"line":11,"column":25},"end":{"line":15,"column":3}},"locations":[{"start":{"line":11,"column":25},"end":{"line":15,"column":3}}]},"2":{"type":"branch","line":17,"loc":{"start":{"line":17,"column":21},"end":{"line":21,"column":3}},"locations":[{"start":{"line":17,"column":21},"end":{"line":21,"column":3}}]},"3":{"type":"branch","line":23,"loc":{"start":{"line":23,"column":26},"end":{"line":25,"column":3}},"locations":[{"start":{"line":23,"column":26},"end":{"line":25,"column":3}}]},"4":{"type":"branch","line":27,"loc":{"start":{"line":27,"column":28},"end":{"line":43,"column":3}},"locations":[{"start":{"line":27,"column":28},"end":{"line":43,"column":3}}]},"5":{"type":"branch","line":29,"loc":{"start":{"line":29,"column":42},"end":{"line":43,"column":3}},"locations":[{"start":{"line":29,"column":42},"end":{"line":43,"column":3}}]},"6":{"type":"branch","line":33,"loc":{"start":{"line":33,"column":19},"end":{"line":33,"column":44}},"locations":[{"start":{"line":33,"column":19},"end":{"line":33,"column":44}}]}},"b":{"0":[9],"1":[1],"2":[1],"3":[1],"4":[9],"5":[53],"6":[1]},"fnMap":{"0":{"name":"Pagination","decl":{"start":{"line":10,"column":19},"end":{"line":64,"column":1}},"loc":{"start":{"line":10,"column":19},"end":{"line":64,"column":1}},"line":10},"1":{"name":"handlePrevious","decl":{"start":{"line":11,"column":25},"end":{"line":15,"column":3}},"loc":{"start":{"line":11,"column":25},"end":{"line":15,"column":3}},"line":11},"2":{"name":"handleNext","decl":{"start":{"line":17,"column":21},"end":{"line":21,"column":3}},"loc":{"start":{"line":17,"column":21},"end":{"line":21,"column":3}},"line":17},"3":{"name":"handlePageClick","decl":{"start":{"line":23,"column":26},"end":{"line":25,"column":3}},"loc":{"start":{"line":23,"column":26},"end":{"line":25,"column":3}},"line":23},"4":{"name":"renderPageNumbers","decl":{"start":{"line":27,"column":28},"end":{"line":43,"column":3}},"loc":{"start":{"line":27,"column":28},"end":{"line":43,"column":3}},"line":27},"5":{"name":"onClick","decl":{"start":{"line":33,"column":19},"end":{"line":33,"column":44}},"loc":{"start":{"line":33,"column":19},"end":{"line":33,"column":44}},"line":33}},"f":{"0":9,"1":1,"2":1,"3":1,"4":9,"5":1}}
,"D:\\Practice\\rs_school\\stage 3\\gamesgalaxy\\src\\components\\Search\\Search.tsx": {"path":"D:\\Practice\\rs_school\\stage 3\\gamesgalaxy\\src\\components\\Search\\Search.tsx","all":false,"statementMap":{"0":{"start":{"line":1,"column":0},"end":{"line":1,"column":54}},"1":{"start":{"line":2,"column":0},"end":{"line":2,"column":41}},"2":{"start":{"line":3,"column":0},"end":{"line":3,"column":57}},"9":{"start":{"line":10,"column":0},"end":{"line":10,"column":64}},"10":{"start":{"line":11,"column":0},"end":{"line":11,"column":74}},"11":{"start":{"line":12,"column":0},"end":{"line":12,"column":18}},"12":{"start":{"line":13,"column":0},"end":{"line":13,"column":7}},"14":{"start":{"line":15,"column":0},"end":{"line":15,"column":72}},"16":{"start":{"line":17,"column":0},"end":{"line":17,"column":19}},"17":{"start":{"line":18,"column":0},"end":{"line":18,"column":36}},"18":{"start":{"line":19,"column":0},"end":{"line":19,"column":40}},"20":{"start":{"line":21,"column":0},"end":{"line":21,"column":55}},"21":{"start":{"line":22,"column":0},"end":{"line":22,"column":22}},"22":{"start":{"line":23,"column":0},"end":{"line":23,"column":21}},"23":{"start":{"line":24,"column":0},"end":{"line":24,"column":39}},"24":{"start":{"line":25,"column":0},"end":{"line":25,"column":44}},"25":{"start":{"line":26,"column":0},"end":{"line":26,"column":39}},"26":{"start":{"line":27,"column":0},"end":{"line":27,"column":5}},"27":{"start":{"line":28,"column":0},"end":{"line":28,"column":3}},"29":{"start":{"line":30,"column":0},"end":{"line":30,"column":10}},"30":{"start":{"line":31,"column":0},"end":{"line":31,"column":54}},"31":{"start":{"line":32,"column":0},"end":{"line":32,"column":12}},"32":{"start":{"line":33,"column":0},"end":{"line":33,"column":33}},"33":{"start":{"line":34,"column":0},"end":{"line":34,"column":32}},"34":{"start":{"line":35,"column":0},"end":{"line":35,"column":19}},"35":{"start":{"line":36,"column":0},"end":{"line":36,"column":37}},"36":{"start":{"line":37,"column":0},"end":{"line":37,"column":26}},"37":{"start":{"line":38,"column":0},"end":{"line":38,"column":62}},"39":{"start":{"line":40,"column":0},"end":{"line":40,"column":55}},"42":{"start":{"line":43,"column":0},"end":{"line":43,"column":1}},"44":{"start":{"line":45,"column":0},"end":{"line":45,"column":21}}},"s":{"0":1,"1":1,"2":1,"9":1,"10":12,"11":12,"12":12,"14":12,"16":12,"17":5,"18":12,"20":12,"21":1,"22":1,"23":1,"24":1,"25":1,"26":1,"27":1,"29":12,"30":12,"31":12,"32":12,"33":12,"34":12,"35":12,"36":12,"37":12,"39":12,"42":12,"44":1},"branchMap":{"0":{"type":"branch","line":10,"loc":{"start":{"line":10,"column":15},"end":{"line":43,"column":1}},"locations":[{"start":{"line":10,"column":15},"end":{"line":43,"column":1}}]},"1":{"type":"branch","line":17,"loc":{"start":{"line":17,"column":12},"end":{"line":19,"column":5}},"locations":[{"start":{"line":17,"column":12},"end":{"line":19,"column":5}}]},"2":{"type":"branch","line":21,"loc":{"start":{"line":21,"column":19},"end":{"line":28,"column":3}},"locations":[{"start":{"line":21,"column":19},"end":{"line":28,"column":3}}]},"3":{"type":"branch","line":38,"loc":{"start":{"line":38,"column":18},"end":{"line":38,"column":62}},"locations":[{"start":{"line":38,"column":18},"end":{"line":38,"column":62}}]}},"b":{"0":[12],"1":[5],"2":[1],"3":[2]},"fnMap":{"0":{"name":"Search","decl":{"start":{"line":10,"column":15},"end":{"line":43,"column":1}},"loc":{"start":{"line":10,"column":15},"end":{"line":43,"column":1}},"line":10},"1":{"name":"onSubmit","decl":{"start":{"line":21,"column":19},"end":{"line":28,"column":3}},"loc":{"start":{"line":21,"column":19},"end":{"line":28,"column":3}},"line":21},"2":{"name":"onChange","decl":{"start":{"line":38,"column":18},"end":{"line":38,"column":62}},"loc":{"start":{"line":38,"column":18},"end":{"line":38,"column":62}},"line":38}},"f":{"0":12,"1":1,"2":2}}
,"D:\\Practice\\rs_school\\stage 3\\gamesgalaxy\\src\\components\\SelectedItems\\SelectedItems.tsx": {"path":"D:\\Practice\\rs_school\\stage 3\\gamesgalaxy\\src\\components\\SelectedItems\\SelectedItems.tsx","all":false,"statementMap":{"0":{"start":{"line":1,"column":0},"end":{"line":1,"column":59}},"1":{"start":{"line":2,"column":0},"end":{"line":2,"column":59}},"2":{"start":{"line":3,"column":0},"end":{"line":3,"column":71}},"3":{"start":{"line":4,"column":0},"end":{"line":4,"column":28}},"4":{"start":{"line":5,"column":0},"end":{"line":5,"column":35}},"5":{"start":{"line":6,"column":0},"end":{"line":6,"column":48}},"7":{"start":{"line":8,"column":0},"end":{"line":8,"column":29}},"8":{"start":{"line":9,"column":0},"end":{"line":9,"column":46}},"9":{"start":{"line":10,"column":0},"end":{"line":10,"column":35}},"11":{"start":{"line":12,"column":0},"end":{"line":12,"column":32}},"12":{"start":{"line":13,"column":0},"end":{"line":13,"column":33}},"13":{"start":{"line":14,"column":0},"end":{"line":14,"column":30}},"14":{"start":{"line":15,"column":0},"end":{"line":15,"column":24}},"15":{"start":{"line":16,"column":0},"end":{"line":16,"column":32}},"16":{"start":{"line":17,"column":0},"end":{"line":17,"column":64}},"17":{"start":{"line":18,"column":0},"end":{"line":18,"column":77}},"18":{"start":{"line":19,"column":0},"end":{"line":19,"column":10}},"21":{"start":{"line":22,"column":0},"end":{"line":22,"column":73}},"23":{"start":{"line":24,"column":0},"end":{"line":24,"column":52}},"25":{"start":{"line":26,"column":0},"end":{"line":26,"column":26}},"26":{"start":{"line":27,"column":0},"end":{"line":27,"column":3}},"28":{"start":{"line":29,"column":0},"end":{"line":29,"column":10}},"29":{"start":{"line":30,"column":0},"end":{"line":30,"column":36}},"30":{"start":{"line":31,"column":0},"end":{"line":31,"column":54}},"31":{"start":{"line":32,"column":0},"end":{"line":32,"column":60}},"32":{"start":{"line":33,"column":0},"end":{"line":33,"column":38}},"33":{"start":{"line":34,"column":0},"end":{"line":34,"column":69}},"36":{"start":{"line":37,"column":0},"end":{"line":37,"column":15}},"37":{"start":{"line":38,"column":0},"end":{"line":38,"column":37}},"38":{"start":{"line":39,"column":0},"end":{"line":39,"column":66}},"39":{"start":{"line":40,"column":0},"end":{"line":40,"column":9}},"45":{"start":{"line":46,"column":0},"end":{"line":46,"column":1}},"47":{"start":{"line":48,"column":0},"end":{"line":48,"column":28}}},"s":{"0":1,"1":1,"2":1,"3":1,"4":1,"5":1,"7":1,"8":3,"9":3,"11":3,"12":0,"13":0,"14":0,"15":0,"16":0,"17":0,"18":0,"21":0,"23":0,"25":0,"26":0,"28":3,"29":3,"30":3,"31":3,"32":3,"33":3,"36":3,"37":3,"38":3,"39":3,"45":3,"47":1},"branchMap":{"0":{"type":"branch","line":8,"loc":{"start":{"line":8,"column":22},"end":{"line":46,"column":1}},"locations":[{"start":{"line":8,"column":22},"end":{"line":46,"column":1}}]},"1":{"type":"branch","line":9,"loc":{"start":{"line":9,"column":39},"end":{"line":9,"column":46}},"locations":[{"start":{"line":9,"column":39},"end":{"line":9,"column":46}}]},"2":{"type":"branch","line":39,"loc":{"start":{"line":39,"column":19},"end":{"line":39,"column":66}},"locations":[{"start":{"line":39,"column":19},"end":{"line":39,"column":66}}]}},"b":{"0":[3],"1":[6],"2":[1]},"fnMap":{"0":{"name":"SelectedItems","decl":{"start":{"line":8,"column":22},"end":{"line":46,"column":1}},"loc":{"start":{"line":8,"column":22},"end":{"line":46,"column":1}},"line":8},"1":{"name":"handleDownload","decl":{"start":{"line":12,"column":25},"end":{"line":27,"column":3}},"loc":{"start":{"line":12,"column":25},"end":{"line":27,"column":3}},"line":12},"2":{"name":"onClick","decl":{"start":{"line":39,"column":19},"end":{"line":39,"column":66}},"loc":{"start":{"line":39,"column":19},"end":{"line":39,"column":66}},"line":39}},"f":{"0":3,"1":0,"2":1}}
,"D:\\Practice\\rs_school\\stage 3\\gamesgalaxy\\src\\context\\ThemeContextProvider.tsx": {"path":"D:\\Practice\\rs_school\\stage 3\\gamesgalaxy\\src\\context\\ThemeContextProvider.tsx","all":false,"statementMap":{"0":{"start":{"line":1,"column":0},"end":{"line":1,"column":48}},"1":{"start":{"line":2,"column":0},"end":{"line":2,"column":54}},"5":{"start":{"line":6,"column":0},"end":{"line":6,"column":72}},"6":{"start":{"line":7,"column":0},"end":{"line":7,"column":12}},"9":{"start":{"line":10,"column":0},"end":{"line":10,"column":73}},"10":{"start":{"line":11,"column":0},"end":{"line":11,"column":60}},"12":{"start":{"line":13,"column":0},"end":{"line":13,"column":10}},"13":{"start":{"line":14,"column":0},"end":{"line":14,"column":53}},"14":{"start":{"line":15,"column":0},"end":{"line":15,"column":16}},"17":{"start":{"line":18,"column":0},"end":{"line":18,"column":1}},"19":{"start":{"line":20,"column":0},"end":{"line":20,"column":35}}},"s":{"0":1,"1":1,"5":1,"6":1,"9":1,"10":0,"12":0,"13":0,"14":0,"17":0,"19":1},"branchMap":{},"b":{},"fnMap":{"0":{"name":"ThemeContextProvider","decl":{"start":{"line":10,"column":29},"end":{"line":18,"column":1}},"loc":{"start":{"line":10,"column":29},"end":{"line":18,"column":1}},"line":10}},"f":{"0":0}}
,"D:\\Practice\\rs_school\\stage 3\\gamesgalaxy\\src\\hooks\\useAppDispatch.ts": {"path":"D:\\Practice\\rs_school\\stage 3\\gamesgalaxy\\src\\hooks\\useAppDispatch.ts","all":false,"statementMap":{"0":{"start":{"line":1,"column":0},"end":{"line":1,"column":41}},"3":{"start":{"line":4,"column":0},"end":{"line":4,"column":62}}},"s":{"0":1,"3":1},"branchMap":{"0":{"type":"branch","line":4,"loc":{"start":{"line":4,"column":30},"end":{"line":4,"column":62}},"locations":[{"start":{"line":4,"column":30},"end":{"line":4,"column":62}}]}},"b":{"0":[5]},"fnMap":{"0":{"name":"useAppDispatch","decl":{"start":{"line":4,"column":30},"end":{"line":4,"column":62}},"loc":{"start":{"line":4,"column":30},"end":{"line":4,"column":62}},"line":4}},"f":{"0":5}}
,"D:\\Practice\\rs_school\\stage 3\\gamesgalaxy\\src\\hooks\\useAppSelector.ts": {"path":"D:\\Practice\\rs_school\\stage 3\\gamesgalaxy\\src\\hooks\\useAppSelector.ts","all":false,"statementMap":{"0":{"start":{"line":1,"column":0},"end":{"line":1,"column":63}},"3":{"start":{"line":4,"column":0},"end":{"line":4,"column":74}}},"s":{"0":1,"3":1},"branchMap":{},"b":{},"fnMap":{},"f":{}}
,"D:\\Practice\\rs_school\\stage 3\\gamesgalaxy\\src\\hooks\\useLocalStorage.ts": {"path":"D:\\Practice\\rs_school\\stage 3\\gamesgalaxy\\src\\hooks\\useLocalStorage.ts","all":false,"statementMap":{"0":{"start":{"line":1,"column":0},"end":{"line":1,"column":69}},"2":{"start":{"line":3,"column":0},"end":{"line":3,"column":28}},"3":{"start":{"line":4,"column":0},"end":{"line":4,"column":14}},"4":{"start":{"line":5,"column":0},"end":{"line":5,"column":18}},"6":{"start":{"line":7,"column":0},"end":{"line":7,"column":47}},"7":{"start":{"line":8,"column":0},"end":{"line":8,"column":48}},"8":{"start":{"line":9,"column":0},"end":{"line":9,"column":61}},"9":{"start":{"line":10,"column":0},"end":{"line":10,"column":4}},"11":{"start":{"line":12,"column":0},"end":{"line":12,"column":19}},"12":{"start":{"line":13,"column":0},"end":{"line":13,"column":52}},"13":{"start":{"line":14,"column":0},"end":{"line":14,"column":18}},"15":{"start":{"line":16,"column":0},"end":{"line":16,"column":26}},"16":{"start":{"line":17,"column":0},"end":{"line":17,"column":1}},"18":{"start":{"line":19,"column":0},"end":{"line":19,"column":30}}},"s":{"0":1,"2":1,"3":21,"4":21,"6":21,"7":6,"8":6,"9":6,"11":21,"12":7,"13":21,"15":21,"16":21,"18":1},"branchMap":{"0":{"type":"branch","line":3,"loc":{"start":{"line":3,"column":24},"end":{"line":17,"column":1}},"locations":[{"start":{"line":3,"column":24},"end":{"line":17,"column":1}}]},"1":{"type":"branch","line":7,"loc":{"start":{"line":7,"column":40},"end":{"line":10,"column":4}},"locations":[{"start":{"line":7,"column":40},"end":{"line":10,"column":4}}]},"2":{"type":"branch","line":9,"loc":{"start":{"line":9,"column":11},"end":{"line":9,"column":49}},"locations":[{"start":{"line":9,"column":11},"end":{"line":9,"column":49}}]},"3":{"type":"branch","line":9,"loc":{"start":{"line":9,"column":35},"end":{"line":9,"column":61}},"locations":[{"start":{"line":9,"column":35},"end":{"line":9,"column":61}}]},"4":{"type":"branch","line":12,"loc":{"start":{"line":12,"column":12},"end":{"line":14,"column":5}},"locations":[{"start":{"line":12,"column":12},"end":{"line":14,"column":5}}]}},"b":{"0":[21],"1":[6],"2":[3],"3":[3],"4":[7]},"fnMap":{"0":{"name":"useLocalStorage","decl":{"start":{"line":3,"column":24},"end":{"line":17,"column":1}},"loc":{"start":{"line":3,"column":24},"end":{"line":17,"column":1}},"line":3}},"f":{"0":21}}
,"D:\\Practice\\rs_school\\stage 3\\gamesgalaxy\\src\\pages\\Home\\Home.tsx": {"path":"D:\\Practice\\rs_school\\stage 3\\gamesgalaxy\\src\\pages\\Home\\Home.tsx","all":false,"statementMap":{"0":{"start":{"line":1,"column":0},"end":{"line":1,"column":21}},"1":{"start":{"line":2,"column":0},"end":{"line":2,"column":44}},"2":{"start":{"line":3,"column":0},"end":{"line":3,"column":51}},"3":{"start":{"line":4,"column":0},"end":{"line":4,"column":57}},"4":{"start":{"line":5,"column":0},"end":{"line":5,"column":57}},"5":{"start":{"line":6,"column":0},"end":{"line":6,"column":39}},"6":{"start":{"line":7,"column":0},"end":{"line":7,"column":63}},"7":{"start":{"line":8,"column":0},"end":{"line":8,"column":58}},"8":{"start":{"line":9,"column":0},"end":{"line":9,"column":72}},"9":{"start":{"line":10,"column":0},"end":{"line":10,"column":59}},"10":{"start":{"line":11,"column":0},"end":{"line":11,"column":51}},"11":{"start":{"line":12,"column":0},"end":{"line":12,"column":54}},"12":{"start":{"line":13,"column":0},"end":{"line":13,"column":65}},"14":{"start":{"line":15,"column":0},"end":{"line":15,"column":20}},"15":{"start":{"line":16,"column":0},"end":{"line":16,"column":42}},"16":{"start":{"line":17,"column":0},"end":{"line":17,"column":64}},"17":{"start":{"line":18,"column":0},"end":{"line":18,"column":18}},"18":{"start":{"line":19,"column":0},"end":{"line":19,"column":7}},"20":{"start":{"line":21,"column":0},"end":{"line":21,"column":46}},"21":{"start":{"line":22,"column":0},"end":{"line":22,"column":59}},"22":{"start":{"line":23,"column":0},"end":{"line":23,"column":56}},"23":{"start":{"line":24,"column":0},"end":{"line":24,"column":58}},"25":{"start":{"line":26,"column":0},"end":{"line":26,"column":58}},"26":{"start":{"line":27,"column":0},"end":{"line":27,"column":16}},"27":{"start":{"line":28,"column":0},"end":{"line":28,"column":9}},"28":{"start":{"line":29,"column":0},"end":{"line":29,"column":11}},"29":{"start":{"line":30,"column":0},"end":{"line":30,"column":4}},"31":{"start":{"line":32,"column":0},"end":{"line":32,"column":49}},"32":{"start":{"line":33,"column":0},"end":{"line":33,"column":63}},"33":{"start":{"line":34,"column":0},"end":{"line":34,"column":42}},"34":{"start":{"line":35,"column":0},"end":{"line":35,"column":56}},"35":{"start":{"line":36,"column":0},"end":{"line":36,"column":29}},"36":{"start":{"line":37,"column":0},"end":{"line":37,"column":5}},"37":{"start":{"line":38,"column":0},"end":{"line":38,"column":27}},"38":{"start":{"line":39,"column":0},"end":{"line":39,"column":3}},"40":{"start":{"line":41,"column":0},"end":{"line":41,"column":50}},"41":{"start":{"line":42,"column":0},"end":{"line":42,"column":40}},"42":{"start":{"line":43,"column":0},"end":{"line":43,"column":17}},"43":{"start":{"line":44,"column":0},"end":{"line":44,"column":34}},"44":{"start":{"line":45,"column":0},"end":{"line":45,"column":5}},"45":{"start":{"line":46,"column":0},"end":{"line":46,"column":27}},"46":{"start":{"line":47,"column":0},"end":{"line":47,"column":27}},"47":{"start":{"line":48,"column":0},"end":{"line":48,"column":3}},"49":{"start":{"line":50,"column":0},"end":{"line":50,"column":29}},"51":{"start":{"line":52,"column":0},"end":{"line":52,"column":47}},"53":{"start":{"line":54,"column":0},"end":{"line":54,"column":27}},"55":{"start":{"line":56,"column":0},"end":{"line":56,"column":30}},"57":{"start":{"line":58,"column":0},"end":{"line":58,"column":10}},"58":{"start":{"line":59,"column":0},"end":{"line":59,"column":8}},"59":{"start":{"line":60,"column":0},"end":{"line":60,"column":28}},"60":{"start":{"line":61,"column":0},"end":{"line":61,"column":37}},"61":{"start":{"line":62,"column":0},"end":{"line":62,"column":9}},"63":{"start":{"line":64,"column":0},"end":{"line":64,"column":33}},"64":{"start":{"line":65,"column":0},"end":{"line":65,"column":18}},"65":{"start":{"line":66,"column":0},"end":{"line":66,"column":15}},"66":{"start":{"line":67,"column":0},"end":{"line":67,"column":41}},"67":{"start":{"line":68,"column":0},"end":{"line":68,"column":45}},"69":{"start":{"line":70,"column":0},"end":{"line":70,"column":40}},"70":{"start":{"line":71,"column":0},"end":{"line":71,"column":70}},"71":{"start":{"line":72,"column":0},"end":{"line":72,"column":20}},"73":{"start":{"line":74,"column":0},"end":{"line":74,"column":54}},"74":{"start":{"line":75,"column":0},"end":{"line":75,"column":21}},"75":{"start":{"line":76,"column":0},"end":{"line":76,"column":30}},"76":{"start":{"line":77,"column":0},"end":{"line":77,"column":35}},"77":{"start":{"line":78,"column":0},"end":{"line":78,"column":43}},"81":{"start":{"line":82,"column":0},"end":{"line":82,"column":49}},"84":{"start":{"line":85,"column":0},"end":{"line":85,"column":1}},"86":{"start":{"line":87,"column":0},"end":{"line":87,"column":19}}},"s":{"0":1,"1":1,"2":1,"3":1,"4":1,"5":1,"6":1,"7":1,"8":1,"9":1,"10":1,"11":1,"12":1,"14":1,"15":9,"16":9,"17":9,"18":9,"20":9,"21":9,"22":9,"23":9,"25":9,"26":9,"27":9,"28":9,"29":9,"31":9,"32":0,"33":0,"34":0,"35":0,"36":0,"37":0,"38":0,"40":9,"41":0,"42":0,"43":0,"44":0,"45":0,"46":0,"47":0,"49":9,"51":9,"53":9,"55":9,"57":9,"58":9,"59":9,"60":9,"61":9,"63":9,"64":9,"65":9,"66":9,"67":9,"69":9,"70":9,"71":9,"73":9,"74":9,"75":9,"76":9,"77":9,"81":9,"84":9,"86":1},"branchMap":{"0":{"type":"branch","line":15,"loc":{"start":{"line":15,"column":13},"end":{"line":85,"column":1}},"locations":[{"start":{"line":15,"column":13},"end":{"line":85,"column":1}}]},"1":{"type":"branch","line":50,"loc":{"start":{"line":50,"column":16},"end":{"line":50,"column":29}},"locations":[{"start":{"line":50,"column":16},"end":{"line":50,"column":29}}]},"2":{"type":"branch","line":54,"loc":{"start":{"line":54,"column":21},"end":{"line":54,"column":27}},"locations":[{"start":{"line":54,"column":21},"end":{"line":54,"column":27}}]},"3":{"type":"branch","line":74,"loc":{"start":{"line":74,"column":10},"end":{"line":74,"column":33}},"locations":[{"start":{"line":74,"column":10},"end":{"line":74,"column":33}}]},"4":{"type":"branch","line":74,"loc":{"start":{"line":74,"column":24},"end":{"line":74,"column":54}},"locations":[{"start":{"line":74,"column":24},"end":{"line":74,"column":54}}]},"5":{"type":"branch","line":21,"loc":{"start":{"line":21,"column":39},"end":{"line":21,"column":46}},"locations":[{"start":{"line":21,"column":39},"end":{"line":21,"column":46}}]}},"b":{"0":[9],"1":[2],"2":[0],"3":[2],"4":[2],"5":[16]},"fnMap":{"0":{"name":"Home","decl":{"start":{"line":15,"column":13},"end":{"line":85,"column":1}},"loc":{"start":{"line":15,"column":13},"end":{"line":85,"column":1}},"line":15},"1":{"name":"handlePageChange","decl":{"start":{"line":32,"column":27},"end":{"line":39,"column":3}},"loc":{"start":{"line":32,"column":27},"end":{"line":39,"column":3}},"line":32},"2":{"name":"handleSearchChange","decl":{"start":{"line":41,"column":29},"end":{"line":48,"column":3}},"loc":{"start":{"line":41,"column":29},"end":{"line":48,"column":3}},"line":41}},"f":{"0":9,"1":0,"2":0}}
,"D:\\Practice\\rs_school\\stage 3\\gamesgalaxy\\src\\pages\\NotFound\\NotFound.tsx": {"path":"D:\\Practice\\rs_school\\stage 3\\gamesgalaxy\\src\\pages\\NotFound\\NotFound.tsx","all":false,"statementMap":{"0":{"start":{"line":1,"column":0},"end":{"line":1,"column":43}},"1":{"start":{"line":2,"column":0},"end":{"line":2,"column":51}},"2":{"start":{"line":3,"column":0},"end":{"line":3,"column":39}},"4":{"start":{"line":5,"column":0},"end":{"line":5,"column":24}},"5":{"start":{"line":6,"column":0},"end":{"line":6,"column":10}},"6":{"start":{"line":7,"column":0},"end":{"line":7,"column":36}},"7":{"start":{"line":8,"column":0},"end":{"line":8,"column":36}},"8":{"start":{"line":9,"column":0},"end":{"line":9,"column":55}},"10":{"start":{"line":11,"column":0},"end":{"line":11,"column":38}},"11":{"start":{"line":12,"column":0},"end":{"line":12,"column":62}},"12":{"start":{"line":13,"column":0},"end":{"line":13,"column":35}},"16":{"start":{"line":17,"column":0},"end":{"line":17,"column":47}},"22":{"start":{"line":23,"column":0},"end":{"line":23,"column":1}},"24":{"start":{"line":25,"column":0},"end":{"line":25,"column":23}}},"s":{"0":1,"1":1,"2":1,"4":1,"5":3,"6":3,"7":3,"8":3,"10":3,"11":3,"12":3,"16":3,"22":3,"24":1},"branchMap":{"0":{"type":"branch","line":5,"loc":{"start":{"line":5,"column":17},"end":{"line":23,"column":1}},"locations":[{"start":{"line":5,"column":17},"end":{"line":23,"column":1}}]}},"b":{"0":[3]},"fnMap":{"0":{"name":"NotFound","decl":{"start":{"line":5,"column":17},"end":{"line":23,"column":1}},"loc":{"start":{"line":5,"column":17},"end":{"line":23,"column":1}},"line":5}},"f":{"0":3}}
,"D:\\Practice\\rs_school\\stage 3\\gamesgalaxy\\src\\router\\router.tsx": {"path":"D:\\Practice\\rs_school\\stage 3\\gamesgalaxy\\src\\router\\router.tsx","all":true,"statementMap":{"0":{"start":{"line":1,"column":0},"end":{"line":1,"column":54}},"1":{"start":{"line":2,"column":0},"end":{"line":2,"column":37}},"2":{"start":{"line":3,"column":0},"end":{"line":3,"column":49}},"3":{"start":{"line":4,"column":0},"end":{"line":4,"column":63}},"5":{"start":{"line":6,"column":0},"end":{"line":6,"column":36}},"6":{"start":{"line":7,"column":0},"end":{"line":7,"column":3}},"7":{"start":{"line":8,"column":0},"end":{"line":8,"column":14}},"8":{"start":{"line":9,"column":0},"end":{"line":9,"column":22}},"9":{"start":{"line":10,"column":0},"end":{"line":10,"column":15}},"10":{"start":{"line":11,"column":0},"end":{"line":11,"column":7}},"11":{"start":{"line":12,"column":0},"end":{"line":12,"column":30}},"12":{"start":{"line":13,"column":0},"end":{"line":13,"column":33}},"13":{"start":{"line":14,"column":0},"end":{"line":14,"column":8}},"14":{"start":{"line":15,"column":0},"end":{"line":15,"column":6}},"15":{"start":{"line":16,"column":0},"end":{"line":16,"column":4}},"16":{"start":{"line":17,"column":0},"end":{"line":17,"column":3}},"17":{"start":{"line":18,"column":0},"end":{"line":18,"column":14}},"18":{"start":{"line":19,"column":0},"end":{"line":19,"column":26}},"19":{"start":{"line":20,"column":0},"end":{"line":20,"column":4}},"20":{"start":{"line":21,"column":0},"end":{"line":21,"column":2}},"22":{"start":{"line":23,"column":0},"end":{"line":23,"column":21}}},"s":{"0":0,"1":0,"2":0,"3":0,"5":0,"6":0,"7":0,"8":0,"9":0,"10":0,"11":0,"12":0,"13":0,"14":0,"15":0,"16":0,"17":0,"18":0,"19":0,"20":0,"22":0},"branchMap":{"0":{"type":"branch","line":1,"loc":{"start":{"line":1,"column":473},"end":{"line":23,"column":21}},"locations":[{"start":{"line":1,"column":473},"end":{"line":23,"column":21}}]}},"b":{"0":[0]},"fnMap":{"0":{"name":"(empty-report)","decl":{"start":{"line":1,"column":473},"end":{"line":23,"column":21}},"loc":{"start":{"line":1,"column":473},"end":{"line":23,"column":21}},"line":1}},"f":{"0":0}}
,"D:\\Practice\\rs_school\\stage 3\\gamesgalaxy\\src\\services\\GamesService.tsx": {"path":"D:\\Practice\\rs_school\\stage 3\\gamesgalaxy\\src\\services\\GamesService.tsx","all":false,"statementMap":{"0":{"start":{"line":1,"column":0},"end":{"line":1,"column":72}},"1":{"start":{"line":2,"column":0},"end":{"line":2,"column":53}},"5":{"start":{"line":6,"column":0},"end":{"line":6,"column":35}},"6":{"start":{"line":7,"column":0},"end":{"line":7,"column":26}},"7":{"start":{"line":8,"column":0},"end":{"line":8,"column":50}},"8":{"start":{"line":9,"column":0},"end":{"line":9,"column":24}},"9":{"start":{"line":10,"column":0},"end":{"line":10,"column":26}},"12":{"start":{"line":13,"column":0},"end":{"line":13,"column":7}},"13":{"start":{"line":14,"column":0},"end":{"line":14,"column":47}},"14":{"start":{"line":15,"column":0},"end":{"line":15,"column":22}},"15":{"start":{"line":16,"column":0},"end":{"line":16,"column":17}},"16":{"start":{"line":17,"column":0},"end":{"line":17,"column":34}},"17":{"start":{"line":18,"column":0},"end":{"line":18,"column":15}},"18":{"start":{"line":19,"column":0},"end":{"line":19,"column":17}},"19":{"start":{"line":20,"column":0},"end":{"line":20,"column":23}},"20":{"start":{"line":21,"column":0},"end":{"line":21,"column":10}},"21":{"start":{"line":22,"column":0},"end":{"line":22,"column":9}},"22":{"start":{"line":23,"column":0},"end":{"line":23,"column":7}},"23":{"start":{"line":24,"column":0},"end":{"line":24,"column":69}},"24":{"start":{"line":25,"column":0},"end":{"line":25,"column":39}},"25":{"start":{"line":26,"column":0},"end":{"line":26,"column":30}},"26":{"start":{"line":27,"column":0},"end":{"line":27,"column":17}},"27":{"start":{"line":28,"column":0},"end":{"line":28,"column":34}},"28":{"start":{"line":29,"column":0},"end":{"line":29,"column":23}},"29":{"start":{"line":30,"column":0},"end":{"line":30,"column":10}},"30":{"start":{"line":31,"column":0},"end":{"line":31,"column":9}},"31":{"start":{"line":32,"column":0},"end":{"line":32,"column":7}},"32":{"start":{"line":33,"column":0},"end":{"line":33,"column":5}},"33":{"start":{"line":34,"column":0},"end":{"line":34,"column":2}}},"s":{"0":1,"1":1,"5":1,"6":1,"7":1,"8":1,"9":1,"12":1,"13":1,"14":2,"15":2,"16":2,"17":2,"18":2,"19":2,"20":2,"21":2,"22":1,"23":1,"24":1,"25":0,"26":0,"27":0,"28":0,"29":0,"30":0,"31":1,"32":1,"33":1},"branchMap":{"0":{"type":"branch","line":9,"loc":{"start":{"line":9,"column":13},"end":{"line":33,"column":5}},"locations":[{"start":{"line":9,"column":13},"end":{"line":33,"column":5}}]},"1":{"type":"branch","line":14,"loc":{"start":{"line":14,"column":13},"end":{"line":22,"column":9}},"locations":[{"start":{"line":14,"column":13},"end":{"line":22,"column":9}}]}},"b":{"0":[1],"1":[2]},"fnMap":{"0":{"name":"endpoints","decl":{"start":{"line":9,"column":13},"end":{"line":33,"column":5}},"loc":{"start":{"line":9,"column":13},"end":{"line":33,"column":5}},"line":9},"1":{"name":"query","decl":{"start":{"line":14,"column":13},"end":{"line":22,"column":9}},"loc":{"start":{"line":14,"column":13},"end":{"line":22,"column":9}},"line":14},"2":{"name":"query","decl":{"start":{"line":25,"column":13},"end":{"line":31,"column":9}},"loc":{"start":{"line":25,"column":13},"end":{"line":31,"column":9}},"line":25}},"f":{"0":1,"1":2,"2":0}}
,"D:\\Practice\\rs_school\\stage 3\\gamesgalaxy\\src\\store\\store.ts": {"path":"D:\\Practice\\rs_school\\stage 3\\gamesgalaxy\\src\\store\\store.ts","all":true,"statementMap":{"0":{"start":{"line":1,"column":0},"end":{"line":1,"column":49}},"1":{"start":{"line":2,"column":0},"end":{"line":2,"column":57}},"2":{"start":{"line":3,"column":0},"end":{"line":3,"column":51}},"4":{"start":{"line":5,"column":0},"end":{"line":5,"column":37}},"5":{"start":{"line":6,"column":0},"end":{"line":6,"column":12}},"6":{"start":{"line":7,"column":0},"end":{"line":7,"column":32}},"7":{"start":{"line":8,"column":0},"end":{"line":8,"column":45}},"8":{"start":{"line":9,"column":0},"end":{"line":9,"column":4}},"9":{"start":{"line":10,"column":0},"end":{"line":10,"column":37}},"10":{"start":{"line":11,"column":0},"end":{"line":11,"column":55}},"11":{"start":{"line":12,"column":0},"end":{"line":12,"column":2}}},"s":{"0":0,"1":0,"2":0,"4":0,"5":0,"6":0,"7":0,"8":0,"9":0,"10":0,"11":0},"branchMap":{"0":{"type":"branch","line":1,"loc":{"start":{"line":1,"column":0},"end":{"line":15,"column":-193}},"locations":[{"start":{"line":1,"column":0},"end":{"line":15,"column":-193}}]}},"b":{"0":[0]},"fnMap":{"0":{"name":"(empty-report)","decl":{"start":{"line":1,"column":0},"end":{"line":15,"column":-193}},"loc":{"start":{"line":1,"column":0},"end":{"line":15,"column":-193}},"line":1}},"f":{"0":0}}
,"D:\\Practice\\rs_school\\stage 3\\gamesgalaxy\\src\\store\\reducers\\favorites.slice.ts": {"path":"D:\\Practice\\rs_school\\stage 3\\gamesgalaxy\\src\\store\\reducers\\favorites.slice.ts","all":false,"statementMap":{"0":{"start":{"line":1,"column":0},"end":{"line":1,"column":61}},"3":{"start":{"line":4,"column":0},"end":{"line":4,"column":32}},"5":{"start":{"line":6,"column":0},"end":{"line":6,"column":43}},"6":{"start":{"line":7,"column":0},"end":{"line":7,"column":20}},"7":{"start":{"line":8,"column":0},"end":{"line":8,"column":15}},"8":{"start":{"line":9,"column":0},"end":{"line":9,"column":13}},"9":{"start":{"line":10,"column":0},"end":{"line":10,"column":62}},"10":{"start":{"line":11,"column":0},"end":{"line":11,"column":68}},"11":{"start":{"line":12,"column":0},"end":{"line":12,"column":17}},"12":{"start":{"line":13,"column":0},"end":{"line":13,"column":76}},"13":{"start":{"line":14,"column":0},"end":{"line":14,"column":30}},"14":{"start":{"line":15,"column":0},"end":{"line":15,"column":14}},"15":{"start":{"line":16,"column":0},"end":{"line":16,"column":34}},"16":{"start":{"line":17,"column":0},"end":{"line":17,"column":7}},"17":{"start":{"line":18,"column":0},"end":{"line":18,"column":6}},"18":{"start":{"line":19,"column":0},"end":{"line":19,"column":27}},"19":{"start":{"line":20,"column":0},"end":{"line":20,"column":35}},"20":{"start":{"line":21,"column":0},"end":{"line":21,"column":6}},"21":{"start":{"line":22,"column":0},"end":{"line":22,"column":4}},"22":{"start":{"line":23,"column":0},"end":{"line":23,"column":2}},"24":{"start":{"line":25,"column":0},"end":{"line":25,"column":37}},"25":{"start":{"line":26,"column":0},"end":{"line":26,"column":54}}},"s":{"0":1,"3":1,"5":1,"6":1,"7":1,"8":1,"9":1,"10":0,"11":0,"12":0,"13":0,"14":0,"15":0,"16":0,"17":0,"18":1,"19":1,"20":1,"21":1,"22":1,"24":1,"25":1},"branchMap":{"0":{"type":"branch","line":19,"loc":{"start":{"line":19,"column":17},"end":{"line":21,"column":6}},"locations":[{"start":{"line":19,"column":17},"end":{"line":21,"column":6}}]}},"b":{"0":[1]},"fnMap":{"0":{"name":"toggleFavorite","decl":{"start":{"line":10,"column":20},"end":{"line":18,"column":6}},"loc":{"start":{"line":10,"column":20},"end":{"line":18,"column":6}},"line":10},"1":{"name":"unSelectAll","decl":{"start":{"line":19,"column":17},"end":{"line":21,"column":6}},"loc":{"start":{"line":19,"column":17},"end":{"line":21,"column":6}},"line":19}},"f":{"0":0,"1":1}}
,"D:\\Practice\\rs_school\\stage 3\\gamesgalaxy\\src\\utils\\bgRating.ts": {"path":"D:\\Practice\\rs_school\\stage 3\\gamesgalaxy\\src\\utils\\bgRating.ts","all":false,"statementMap":{"0":{"start":{"line":1,"column":0},"end":{"line":1,"column":71}},"1":{"start":{"line":2,"column":0},"end":{"line":2,"column":19}},"2":{"start":{"line":3,"column":0},"end":{"line":3,"column":22}},"3":{"start":{"line":4,"column":0},"end":{"line":4,"column":26}},"4":{"start":{"line":5,"column":0},"end":{"line":5,"column":24}},"5":{"start":{"line":6,"column":0},"end":{"line":6,"column":10}},"6":{"start":{"line":7,"column":0},"end":{"line":7,"column":21}},"7":{"start":{"line":8,"column":0},"end":{"line":8,"column":3}},"8":{"start":{"line":9,"column":0},"end":{"line":9,"column":1}}},"s":{"0":1,"1":26,"2":20,"3":26,"4":4,"5":4,"6":2,"7":2,"8":26},"branchMap":{"0":{"type":"branch","line":1,"loc":{"start":{"line":1,"column":24},"end":{"line":9,"column":1}},"locations":[{"start":{"line":1,"column":24},"end":{"line":9,"column":1}}]},"1":{"type":"branch","line":2,"loc":{"start":{"line":2,"column":18},"end":{"line":4,"column":9}},"locations":[{"start":{"line":2,"column":18},"end":{"line":4,"column":9}}]},"2":{"type":"branch","line":4,"loc":{"start":{"line":4,"column":2},"end":{"line":8,"column":3}},"locations":[{"start":{"line":4,"column":2},"end":{"line":8,"column":3}}]},"3":{"type":"branch","line":4,"loc":{"start":{"line":4,"column":25},"end":{"line":8,"column":3}},"locations":[{"start":{"line":4,"column":25},"end":{"line":8,"column":3}}]},"4":{"type":"branch","line":6,"loc":{"start":{"line":6,"column":2},"end":{"line":8,"column":3}},"locations":[{"start":{"line":6,"column":2},"end":{"line":8,"column":3}}]}},"b":{"0":[26],"1":[20],"2":[6],"3":[4],"4":[2]},"fnMap":{"0":{"name":"bgRating","decl":{"start":{"line":1,"column":24},"end":{"line":9,"column":1}},"loc":{"start":{"line":1,"column":24},"end":{"line":9,"column":1}},"line":1}},"f":{"0":26}}
,"D:\\Practice\\rs_school\\stage 3\\gamesgalaxy\\src\\utils\\constants.ts": {"path":"D:\\Practice\\rs_school\\stage 3\\gamesgalaxy\\src\\utils\\constants.ts","all":false,"statementMap":{"0":{"start":{"line":1,"column":0},"end":{"line":1,"column":48}},"1":{"start":{"line":2,"column":0},"end":{"line":2,"column":57}}},"s":{"0":1,"1":1},"branchMap":{},"b":{},"fnMap":{},"f":{}}
}
